09:08:07 **** Incremental Build of configuration Release for project test ****
Info: Internal Builder is used for build
g++ -O3 -Wall -c -fmessage-length=0 -o "src\\test.o" "..\\src\\test.cpp" 
g++ -o test.exe "src\\test.o" 
Info: Nothing to build for test
09:16:53 **** Rebuild of configuration Debug for project Outputting Text ****
Info: Internal Builder is used for build
g++ -O0 -g3 -Wall -c -fmessage-length=0 -o "src\\Outputting Text.o" "..\\src\\Outputting Text.cpp" 
g++ -o "Outputting Text.exe" "src\\Outputting Text.o" 
09:19:36 **** Incremental Build of configuration Debug for project Outputting Text ****
Info: Internal Builder is used for build
g++ -O0 -g3 -Wall -c -fmessage-length=0 -o "src\\Outputting Text.o" "..\\src\\Outputting Text.cpp" 
g++ -o "Outputting Text.exe" "src\\Outputting Text.o" 
09:20:46 **** Incremental Build of configuration Debug for project Outputting Text ****
Info: Internal Builder is used for build
g++ -O0 -g3 -Wall -c -fmessage-length=0 -o "src\\Outputting Text.o" "..\\src\\Outputting Text.cpp" 
g++ -o "Outputting Text.exe" "src\\Outputting Text.o" 
09:22:47 **** Incremental Build of configuration Debug for project Outputting Text ****
Info: Internal Builder is used for build
g++ -O0 -g3 -Wall -c -fmessage-length=0 -o "src\\Outputting Text.o" "..\\src\\Outputting Text.cpp" 
g++ -o "Outputting Text.exe" "src\\Outputting Text.o" 
09:24:27 **** Incremental Build of configuration Debug for project Outputting Text ****
Info: Internal Builder is used for build
g++ -O0 -g3 -Wall -c -fmessage-length=0 -o "src\\Outputting Text.o" "..\\src\\Outputting Text.cpp" 
g++ -o "Outputting Text.exe" "src\\Outputting Text.o" 
09:25:15 **** Incremental Build of configuration Debug for project Outputting Text ****
Info: Internal Builder is used for build
g++ -O0 -g3 -Wall -c -fmessage-length=0 -o "src\\Outputting Text.o" "..\\src\\Outputting Text.cpp" 
g++ -o "Outputting Text.exe" "src\\Outputting Text.o" 
09:36:10 **** Incremental Build of configuration Debug for project Outputting Text ****
Info: Internal Builder is used for build
g++ -O0 -g3 -Wall -c -fmessage-length=0 -o "src\\Outputting Text.o" "..\\src\\Outputting Text.cpp" 
g++ -o "Outputting Text.exe" "src\\Outputting Text.o" 
09:38:30 **** Rebuild of configuration Debug for project Variables ****
Info: Internal Builder is used for build
g++ -O0 -g3 -Wall -c -fmessage-length=0 -o "src\\Variables.o" "..\\src\\Variables.cpp" 
g++ -o Variables.exe "src\\Variables.o" 
09:38:33 **** Incremental Build of configuration Debug for project Variables ****
Info: Internal Builder is used for build
g++ -O0 -g3 -Wall -c -fmessage-length=0 -o "src\\Variables.o" "..\\src\\Variables.cpp" 
g++ -o Variables.exe "src\\Variables.o" 
09:39:45 **** Incremental Build of configuration Debug for project Variables ****
Info: Internal Builder is used for build
g++ -O0 -g3 -Wall -c -fmessage-length=0 -o "src\\Variables.o" "..\\src\\Variables.cpp" 
g++ -o Variables.exe "src\\Variables.o" 
09:43:26 **** Incremental Build of configuration Debug for project Variables ****
Info: Internal Builder is used for build
g++ -O0 -g3 -Wall -c -fmessage-length=0 -o "src\\Variables.o" "..\\src\\Variables.cpp" 
g++ -o Variables.exe "src\\Variables.o" 
09:45:07 **** Incremental Build of configuration Debug for project Variables ****
Info: Internal Builder is used for build
g++ -O0 -g3 -Wall -c -fmessage-length=0 -o "src\\Variables.o" "..\\src\\Variables.cpp" 
g++ -o Variables.exe "src\\Variables.o" 
09:45:41 **** Incremental Build of configuration Debug for project Variables ****
Info: Internal Builder is used for build
g++ -O0 -g3 -Wall -c -fmessage-length=0 -o "src\\Variables.o" "..\\src\\Variables.cpp" 
g++ -o Variables.exe "src\\Variables.o" 
09:45:53 **** Incremental Build of configuration Debug for project Variables ****
Info: Internal Builder is used for build
g++ -O0 -g3 -Wall -c -fmessage-length=0 -o "src\\Variables.o" "..\\src\\Variables.cpp" 
g++ -o Variables.exe "src\\Variables.o" 
09:47:10 **** Incremental Build of configuration Debug for project Variables ****
Info: Internal Builder is used for build
g++ -O0 -g3 -Wall -c -fmessage-length=0 -o "src\\Variables.o" "..\\src\\Variables.cpp" 
g++ -o Variables.exe "src\\Variables.o" 
09:49:06 **** Incremental Build of configuration Debug for project Variables ****
Info: Internal Builder is used for build
g++ -O0 -g3 -Wall -c -fmessage-length=0 -o "src\\Variables.o" "..\\src\\Variables.cpp" 
g++ -o Variables.exe "src\\Variables.o" 
09:52:24 **** Rebuild of configuration Debug for project Strings ****
Info: Internal Builder is used for build
g++ -O0 -g3 -Wall -c -fmessage-length=0 -o "src\\Strings.o" "..\\src\\Strings.cpp" 
g++ -o Strings.exe "src\\Strings.o" 
09:52:27 **** Incremental Build of configuration Debug for project Strings ****
Info: Internal Builder is used for build
g++ -O0 -g3 -Wall -c -fmessage-length=0 -o "src\\Strings.o" "..\\src\\Strings.cpp" 
g++ -o Strings.exe "src\\Strings.o" 
09:53:28 **** Incremental Build of configuration Debug for project Strings ****
Info: Internal Builder is used for build
g++ -O0 -g3 -Wall -c -fmessage-length=0 -o "src\\Strings.o" "..\\src\\Strings.cpp" 
g++ -o Strings.exe "src\\Strings.o" 
09:54:14 **** Incremental Build of configuration Debug for project Strings ****
Info: Internal Builder is used for build
g++ -O0 -g3 -Wall -c -fmessage-length=0 -o "src\\Strings.o" "..\\src\\Strings.cpp" 
g++ -o Strings.exe "src\\Strings.o" 
09:55:09 **** Incremental Build of configuration Debug for project Strings ****
Info: Internal Builder is used for build
g++ -O0 -g3 -Wall -c -fmessage-length=0 -o "src\\Strings.o" "..\\src\\Strings.cpp" 
g++ -o Strings.exe "src\\Strings.o" 
09:55:26 **** Incremental Build of configuration Debug for project Strings ****
Info: Internal Builder is used for build
g++ -O0 -g3 -Wall -c -fmessage-length=0 -o "src\\Strings.o" "..\\src\\Strings.cpp" 
g++ -o Strings.exe "src\\Strings.o" 
09:56:59 **** Incremental Build of configuration Debug for project Strings ****
Info: Internal Builder is used for build
g++ -O0 -g3 -Wall -c -fmessage-length=0 -o "src\\Strings.o" "..\\src\\Strings.cpp" 
g++ -o Strings.exe "src\\Strings.o" 
09:57:08 **** Incremental Build of configuration Debug for project Strings ****
Info: Internal Builder is used for build
g++ -O0 -g3 -Wall -c -fmessage-length=0 -o "src\\Strings.o" "..\\src\\Strings.cpp" 
g++ -o Strings.exe "src\\Strings.o" 
10:03:23 **** Rebuild of configuration Debug for project Input ****
Info: Internal Builder is used for build
g++ -O0 -g3 -Wall -c -fmessage-length=0 -o "src\\Input.o" "..\\src\\Input.cpp" 
g++ -o Input.exe "src\\Input.o" 
10:03:24 **** Incremental Build of configuration Debug for project Input ****
Info: Internal Builder is used for build
g++ -O0 -g3 -Wall -c -fmessage-length=0 -o "src\\Input.o" "..\\src\\Input.cpp" 
g++ -o Input.exe "src\\Input.o" 
10:05:51 **** Incremental Build of configuration Debug for project Input ****
Info: Internal Builder is used for build
g++ -O0 -g3 -Wall -c -fmessage-length=0 -o "src\\Input.o" "..\\src\\Input.cpp" 
g++ -o Input.exe "src\\Input.o" 
10:06:13 **** Incremental Build of configuration Debug for project Input ****
Info: Internal Builder is used for build
g++ -O0 -g3 -Wall -c -fmessage-length=0 -o "src\\Input.o" "..\\src\\Input.cpp" 
g++ -o Input.exe "src\\Input.o" 
c:/mingw/bin/../lib/gcc/mingw32/4.9.3/../../../../mingw32/bin/ld.exe: cannot open output file Input.exe: Permission denied
collect2.exe: error: ld returned 1 exit status
10:06:32 **** Incremental Build of configuration Debug for project Input ****
Info: Internal Builder is used for build
g++ -O0 -g3 -Wall -c -fmessage-length=0 -o "src\\Input.o" "..\\src\\Input.cpp" 
g++ -o Input.exe "src\\Input.o" 
c:/mingw/bin/../lib/gcc/mingw32/4.9.3/../../../../mingw32/bin/ld.exe: cannot open output file Input.exe: Permission denied
collect2.exe: error: ld returned 1 exit status
10:07:06 **** Incremental Build of configuration Debug for project Input ****
Info: Internal Builder is used for build
g++ -O0 -g3 -Wall -c -fmessage-length=0 -o "src\\Input.o" "..\\src\\Input.cpp" 
g++ -o Input.exe "src\\Input.o" 
c:/mingw/bin/../lib/gcc/mingw32/4.9.3/../../../../mingw32/bin/ld.exe: cannot open output file Input.exe: Permission denied
collect2.exe: error: ld returned 1 exit status
10:07:37 **** Incremental Build of configuration Debug for project Input ****
Info: Internal Builder is used for build
g++ -o Input.exe "src\\Input.o" 
c:/mingw/bin/../lib/gcc/mingw32/4.9.3/../../../../mingw32/bin/ld.exe: cannot open output file Input.exe: Permission denied
collect2.exe: error: ld returned 1 exit status
10:07:40 **** Incremental Build of configuration Debug for project Input ****
Info: Internal Builder is used for build
g++ -O0 -g3 -Wall -c -fmessage-length=0 -o "src\\Input.o" "..\\src\\Input.cpp" 
g++ -o Input.exe "src\\Input.o" 
c:/mingw/bin/../lib/gcc/mingw32/4.9.3/../../../../mingw32/bin/ld.exe: cannot open output file Input.exe: Permission denied
collect2.exe: error: ld returned 1 exit status
10:08:17 **** Incremental Build of configuration Debug for project Input ****
Info: Internal Builder is used for build
g++ -o Input.exe "src\\Input.o" 
c:/mingw/bin/../lib/gcc/mingw32/4.9.3/../../../../mingw32/bin/ld.exe: cannot open output file Input.exe: Permission denied
collect2.exe: error: ld returned 1 exit status
10:08:40 **** Incremental Build of configuration Debug for project Input ****
Info: Internal Builder is used for build
g++ -o Input.exe "src\\Input.o" 
c:/mingw/bin/../lib/gcc/mingw32/4.9.3/../../../../mingw32/bin/ld.exe: cannot open output file Input.exe: Permission denied
collect2.exe: error: ld returned 1 exit status
10:10:23 **** Incremental Build of configuration Debug for project Input ****
Info: Internal Builder is used for build
g++ -o Input.exe "src\\Input.o" 
c:/mingw/bin/../lib/gcc/mingw32/4.9.3/../../../../mingw32/bin/ld.exe: cannot open output file Input.exe: Permission denied
collect2.exe: error: ld returned 1 exit status
10:12:14 **** Incremental Build of configuration Debug for project Input ****
Info: Internal Builder is used for build
g++ -o Input.exe "src\\Input.o" 
10:14:45 **** Incremental Build of configuration Debug for project Input ****
Info: Internal Builder is used for build
g++ -O0 -g3 -Wall -c -fmessage-length=0 -o "src\\Input.o" "..\\src\\Input.cpp" 
g++ -o Input.exe "src\\Input.o" 
10:15:10 **** Incremental Build of configuration Debug for project Input ****
Info: Internal Builder is used for build
g++ -O0 -g3 -Wall -c -fmessage-length=0 -o "src\\Input.o" "..\\src\\Input.cpp" 
g++ -o Input.exe "src\\Input.o" 
Info: Nothing to build for Input
10:26:50 **** Rebuild of configuration Debug for project Integer Types ****
Info: Internal Builder is used for build
g++ -O0 -g3 -Wall -c -fmessage-length=0 -o "src\\Integer Types.o" "..\\src\\Integer Types.cpp" 
g++ -o "Integer Types.exe" "src\\Integer Types.o" 
10:26:52 **** Incremental Build of configuration Debug for project Integer Types ****
Info: Internal Builder is used for build
g++ -O0 -g3 -Wall -c -fmessage-length=0 -o "src\\Integer Types.o" "..\\src\\Integer Types.cpp" 
g++ -o "Integer Types.exe" "src\\Integer Types.o" 
10:27:02 **** Incremental Build of configuration Debug for project Integer Types ****
Info: Internal Builder is used for build
g++ -O0 -g3 -Wall -c -fmessage-length=0 -o "src\\Integer Types.o" "..\\src\\Integer Types.cpp" 
..\src\Integer Types.cpp:14:14: warning: integer constant is too large for its type
  int value = 7756456465454564564564654654567;
              ^
..\src\Integer Types.cpp:14:2: warning: this decimal constant is unsigned only in ISO C90
  int value = 7756456465454564564564654654567;
  ^
..\src\Integer Types.cpp: In function 'int main()':
..\src\Integer Types.cpp:14:14: warning: overflow in implicit constant conversion [-Woverflow]
  int value = 7756456465454564564564654654567;
              ^
g++ -o "Integer Types.exe" "src\\Integer Types.o" 
10:28:43 **** Incremental Build of configuration Debug for project Integer Types ****
Info: Internal Builder is used for build
g++ -O0 -g3 -Wall -c -fmessage-length=0 -o "src\\Integer Types.o" "..\\src\\Integer Types.cpp" 
..\src\Integer Types.cpp: In function 'int main()':
..\src\Integer Types.cpp:17:8: error: 'INT_MAX' was not declared in this scope
  cout<<INT_MAX<<endl;
        ^
10:30:53 **** Incremental Build of configuration Debug for project Integer Types ****
Info: Internal Builder is used for build
g++ -O0 -g3 -Wall -c -fmessage-length=0 -o "src\\Integer Types.o" "..\\src\\Integer Types.cpp" 
..\src\Integer Types.cpp: In function 'int main()':
..\src\Integer Types.cpp:17:8: error: 'INT_MAX' was not declared in this scope
  cout<<INT_MAX<<endl;
        ^
10:31:03 **** Incremental Build of configuration Debug for project Integer Types ****
Info: Internal Builder is used for build
g++ -O0 -g3 -Wall -c -fmessage-length=0 -o "src\\Integer Types.o" "..\\src\\Integer Types.cpp" 
..\src\Integer Types.cpp: In function 'int main()':
..\src\Integer Types.cpp:17:8: error: 'INT_MAX' was not declared in this scope
  cout<<INT_MAX<<endl;
        ^
10:31:09 **** Incremental Build of configuration Debug for project Integer Types ****
Info: Internal Builder is used for build
g++ -O0 -g3 -Wall -c -fmessage-length=0 -o "src\\Integer Types.o" "..\\src\\Integer Types.cpp" 
..\src\Integer Types.cpp: In function 'int main()':
..\src\Integer Types.cpp:17:30: error: 'INT_MAX' was not declared in this scope
  cout << "Max int value: " <<INT_MAX <<endl;
                              ^
..\src\Integer Types.cpp:18:30: error: 'INT_MIN' was not declared in this scope
  cout << "Min int value: " <<INT_MIN<<endl;
                              ^
10:33:26 **** Incremental Build of configuration Debug for project Integer Types ****
Info: Internal Builder is used for build
g++ -O0 -g3 -Wall -c -fmessage-length=0 -o "src\\Integer Types.o" "..\\src\\Integer Types.cpp" 
..\src\Integer Types.cpp: In function 'int main()':
..\src\Integer Types.cpp:17:30: error: 'INT_MAX' was not declared in this scope
  cout << "Max int value: " <<INT_MAX <<endl;
                              ^
..\src\Integer Types.cpp:18:30: error: 'INT_MIN' was not declared in this scope
  cout << "Min int value: " <<INT_MIN<<endl;
                              ^
10:33:35 **** Incremental Build of configuration Debug for project Integer Types ****
Info: Internal Builder is used for build
g++ -O0 -g3 -Wall -c -fmessage-length=0 -o "src\\Integer Types.o" "..\\src\\Integer Types.cpp" 
g++ -o "Integer Types.exe" "src\\Integer Types.o" 
10:35:22 **** Incremental Build of configuration Debug for project Integer Types ****
Info: Internal Builder is used for build
g++ -O0 -g3 -Wall -c -fmessage-length=0 -o "src\\Integer Types.o" "..\\src\\Integer Types.cpp" 
..\src\Integer Types.cpp: In function 'int main()':
..\src\Integer Types.cpp:20:20: warning: overflow in implicit constant conversion [-Woverflow]
  long int lValue = 262654513545364
                    ^
..\src\Integer Types.cpp:21:2: error: expected ',' or ';' before 'cout'
  cout << lValue<<endl;
  ^
..\src\Integer Types.cpp:20:11: warning: unused variable 'lValue' [-Wunused-variable]
  long int lValue = 262654513545364
           ^
10:35:38 **** Incremental Build of configuration Debug for project Integer Types ****
Info: Internal Builder is used for build
g++ -O0 -g3 -Wall -c -fmessage-length=0 -o "src\\Integer Types.o" "..\\src\\Integer Types.cpp" 
..\src\Integer Types.cpp: In function 'int main()':
..\src\Integer Types.cpp:20:20: warning: overflow in implicit constant conversion [-Woverflow]
  long int lValue = 262654513545364;
                    ^
g++ -o "Integer Types.exe" "src\\Integer Types.o" 
10:35:57 **** Incremental Build of configuration Debug for project Integer Types ****
Info: Internal Builder is used for build
g++ -O0 -g3 -Wall -c -fmessage-length=0 -o "src\\Integer Types.o" "..\\src\\Integer Types.cpp" 
g++ -o "Integer Types.exe" "src\\Integer Types.o" 
10:36:05 **** Incremental Build of configuration Debug for project Integer Types ****
Info: Internal Builder is used for build
g++ -O0 -g3 -Wall -c -fmessage-length=0 -o "src\\Integer Types.o" "..\\src\\Integer Types.cpp" 
g++ -o "Integer Types.exe" "src\\Integer Types.o" 
10:37:26 **** Incremental Build of configuration Debug for project Integer Types ****
Info: Internal Builder is used for build
g++ -O0 -g3 -Wall -c -fmessage-length=0 -o "src\\Integer Types.o" "..\\src\\Integer Types.cpp" 
g++ -o "Integer Types.exe" "src\\Integer Types.o" 
10:38:35 **** Incremental Build of configuration Debug for project Integer Types ****
Info: Internal Builder is used for build
g++ -O0 -g3 -Wall -c -fmessage-length=0 -o "src\\Integer Types.o" "..\\src\\Integer Types.cpp" 
g++ -o "Integer Types.exe" "src\\Integer Types.o" 
10:39:34 **** Incremental Build of configuration Debug for project Integer Types ****
Info: Internal Builder is used for build
g++ -O0 -g3 -Wall -c -fmessage-length=0 -o "src\\Integer Types.o" "..\\src\\Integer Types.cpp" 
g++ -o "Integer Types.exe" "src\\Integer Types.o" 
10:41:06 **** Incremental Build of configuration Debug for project Integer Types ****
Info: Internal Builder is used for build
g++ -O0 -g3 -Wall -c -fmessage-length=0 -o "src\\Integer Types.o" "..\\src\\Integer Types.cpp" 
..\src\Integer Types.cpp: In function 'int main()':
..\src\Integer Types.cpp:21:2: error: expected ',' or ';' before 'long'
  long lValue2 = 26265665
  ^
10:41:22 **** Incremental Build of configuration Debug for project Integer Types ****
Info: Internal Builder is used for build
g++ -O0 -g3 -Wall -c -fmessage-length=0 -o "src\\Integer Types.o" "..\\src\\Integer Types.cpp" 
..\src\Integer Types.cpp: In function 'int main()':
..\src\Integer Types.cpp:21:7: warning: unused variable 'lValue2' [-Wunused-variable]
  long lValue2 = 26265665;
       ^
g++ -o "Integer Types.exe" "src\\Integer Types.o" 
10:46:02 **** Rebuild of configuration Debug for project Floating Point Types ****
Info: Internal Builder is used for build
g++ -O0 -g3 -Wall -c -fmessage-length=0 -o "src\\Floating Point Types.o" "..\\src\\Floating Point Types.cpp" 
g++ -o "Floating Point Types.exe" "src\\Floating Point Types.o" 
10:46:06 **** Incremental Build of configuration Debug for project Floating Point Types ****
Info: Internal Builder is used for build
g++ -O0 -g3 -Wall -c -fmessage-length=0 -o "src\\Floating Point Types.o" "..\\src\\Floating Point Types.cpp" 
g++ -o "Floating Point Types.exe" "src\\Floating Point Types.o" 
10:46:28 **** Incremental Build of configuration Debug for project Floating Point Types ****
Info: Internal Builder is used for build
g++ -O0 -g3 -Wall -c -fmessage-length=0 -o "src\\Floating Point Types.o" "..\\src\\Floating Point Types.cpp" 
..\src\Floating Point Types.cpp: In function 'int main()':
..\src\Floating Point Types.cpp:15:8: error: 'value' was not declared in this scope
  cout<<value<<endl;
        ^
..\src\Floating Point Types.cpp:14:8: warning: unused variable 'fvalue' [-Wunused-variable]
  float fvalue = 76.4 ;
        ^
10:46:38 **** Incremental Build of configuration Debug for project Floating Point Types ****
Info: Internal Builder is used for build
g++ -O0 -g3 -Wall -c -fmessage-length=0 -o "src\\Floating Point Types.o" "..\\src\\Floating Point Types.cpp" 
g++ -o "Floating Point Types.exe" "src\\Floating Point Types.o" 
10:47:05 **** Incremental Build of configuration Debug for project Floating Point Types ****
Info: Internal Builder is used for build
g++ -O0 -g3 -Wall -c -fmessage-length=0 -o "src\\Floating Point Types.o" "..\\src\\Floating Point Types.cpp" 
g++ -o "Floating Point Types.exe" "src\\Floating Point Types.o" 
10:48:30 **** Incremental Build of configuration Debug for project Floating Point Types ****
Info: Internal Builder is used for build
g++ -O0 -g3 -Wall -c -fmessage-length=0 -o "src\\Floating Point Types.o" "..\\src\\Floating Point Types.cpp" 
g++ -o "Floating Point Types.exe" "src\\Floating Point Types.o" 
10:49:07 **** Incremental Build of configuration Debug for project Floating Point Types ****
Info: Internal Builder is used for build
g++ -O0 -g3 -Wall -c -fmessage-length=0 -o "src\\Floating Point Types.o" "..\\src\\Floating Point Types.cpp" 
g++ -o "Floating Point Types.exe" "src\\Floating Point Types.o" 
10:50:08 **** Incremental Build of configuration Debug for project Floating Point Types ****
Info: Internal Builder is used for build
g++ -O0 -g3 -Wall -c -fmessage-length=0 -o "src\\Floating Point Types.o" "..\\src\\Floating Point Types.cpp" 
g++ -o "Floating Point Types.exe" "src\\Floating Point Types.o" 
10:50:24 **** Incremental Build of configuration Debug for project Floating Point Types ****
Info: Internal Builder is used for build
g++ -O0 -g3 -Wall -c -fmessage-length=0 -o "src\\Floating Point Types.o" "..\\src\\Floating Point Types.cpp" 
g++ -o "Floating Point Types.exe" "src\\Floating Point Types.o" 
10:53:04 **** Incremental Build of configuration Debug for project Floating Point Types ****
Info: Internal Builder is used for build
g++ -O0 -g3 -Wall -c -fmessage-length=0 -o "src\\Floating Point Types.o" "..\\src\\Floating Point Types.cpp" 
g++ -o "Floating Point Types.exe" "src\\Floating Point Types.o" 
10:54:04 **** Incremental Build of configuration Debug for project Floating Point Types ****
Info: Internal Builder is used for build
g++ -O0 -g3 -Wall -c -fmessage-length=0 -o "src\\Floating Point Types.o" "..\\src\\Floating Point Types.cpp" 
g++ -o "Floating Point Types.exe" "src\\Floating Point Types.o" 
10:54:58 **** Incremental Build of configuration Debug for project Floating Point Types ****
Info: Internal Builder is used for build
g++ -O0 -g3 -Wall -c -fmessage-length=0 -o "src\\Floating Point Types.o" "..\\src\\Floating Point Types.cpp" 
g++ -o "Floating Point Types.exe" "src\\Floating Point Types.o" 
10:56:29 **** Incremental Build of configuration Debug for project Floating Point Types ****
Info: Internal Builder is used for build
g++ -O0 -g3 -Wall -c -fmessage-length=0 -o "src\\Floating Point Types.o" "..\\src\\Floating Point Types.cpp" 
g++ -o "Floating Point Types.exe" "src\\Floating Point Types.o" 
10:57:34 **** Incremental Build of configuration Debug for project Floating Point Types ****
Info: Internal Builder is used for build
g++ -O0 -g3 -Wall -c -fmessage-length=0 -o "src\\Floating Point Types.o" "..\\src\\Floating Point Types.cpp" 
g++ -o "Floating Point Types.exe" "src\\Floating Point Types.o" 
11:00:29 **** Rebuild of configuration Debug for project Other Types ****
Info: Internal Builder is used for build
g++ -O0 -g3 -Wall -c -fmessage-length=0 -o "src\\Other Types.o" "..\\src\\Other Types.cpp" 
g++ -o "Other Types.exe" "src\\Other Types.o" 
11:00:34 **** Incremental Build of configuration Debug for project Other Types ****
Info: Internal Builder is used for build
g++ -O0 -g3 -Wall -c -fmessage-length=0 -o "src\\Other Types.o" "..\\src\\Other Types.cpp" 
..\src\Other Types.cpp: In function 'int main()':
..\src\Other Types.cpp:18:1: error: expected ';' before '}' token
 }
 ^
11:00:46 **** Incremental Build of configuration Debug for project Other Types ****
Info: Internal Builder is used for build
g++ -O0 -g3 -Wall -c -fmessage-length=0 -o "src\\Other Types.o" "..\\src\\Other Types.cpp" 
g++ -o "Other Types.exe" "src\\Other Types.o" 
11:02:20 **** Incremental Build of configuration Debug for project Other Types ****
Info: Internal Builder is used for build
g++ -O0 -g3 -Wall -c -fmessage-length=0 -o "src\\Other Types.o" "..\\src\\Other Types.cpp" 
g++ -o "Other Types.exe" "src\\Other Types.o" 
11:04:51 **** Incremental Build of configuration Debug for project Other Types ****
Info: Internal Builder is used for build
g++ -O0 -g3 -Wall -c -fmessage-length=0 -o "src\\Other Types.o" "..\\src\\Other Types.cpp" 
..\src\Other Types.cpp: In function 'int main()':
..\src\Other Types.cpp:20:7: error: redeclaration of 'char cValue'
  char cValue = '7';
       ^
..\src\Other Types.cpp:17:7: note: 'char cValue' previously declared here
  char cValue = 7;
       ^
11:05:08 **** Incremental Build of configuration Debug for project Other Types ****
Info: Internal Builder is used for build
g++ -O0 -g3 -Wall -c -fmessage-length=0 -o "src\\Other Types.o" "..\\src\\Other Types.cpp" 
..\src\Other Types.cpp: In function 'int main()':
..\src\Other Types.cpp:20:7: error: redeclaration of 'char cValue'
  char cValue = "7";
       ^
..\src\Other Types.cpp:17:7: note: 'char cValue' previously declared here
  char cValue = 7;
       ^
11:05:44 **** Incremental Build of configuration Debug for project Other Types ****
Info: Internal Builder is used for build
g++ -O0 -g3 -Wall -c -fmessage-length=0 -o "src\\Other Types.o" "..\\src\\Other Types.cpp" 
..\src\Other Types.cpp: In function 'int main()':
..\src\Other Types.cpp:20:7: error: redeclaration of 'char cValue'
  char cValue = '7';
       ^
..\src\Other Types.cpp:17:7: note: 'char cValue' previously declared here
  char cValue = 7;
       ^
..\src\Other Types.cpp:23:7: error: redeclaration of 'char cValue'
  char cValue = '7';
       ^
..\src\Other Types.cpp:17:7: note: 'char cValue' previously declared here
  char cValue = 7;
       ^
11:05:57 **** Incremental Build of configuration Debug for project Other Types ****
Info: Internal Builder is used for build
g++ -O0 -g3 -Wall -c -fmessage-length=0 -o "src\\Other Types.o" "..\\src\\Other Types.cpp" 
..\src\Other Types.cpp: In function 'int main()':
..\src\Other Types.cpp:20:7: error: redeclaration of 'char cValue'
  char cValue = '7';
       ^
..\src\Other Types.cpp:17:7: note: 'char cValue' previously declared here
  char cValue = 7;
       ^
11:06:13 **** Incremental Build of configuration Debug for project Other Types ****
Info: Internal Builder is used for build
g++ -O0 -g3 -Wall -c -fmessage-length=0 -o "src\\Other Types.o" "..\\src\\Other Types.cpp" 
g++ -o "Other Types.exe" "src\\Other Types.o" 
11:06:26 **** Incremental Build of configuration Debug for project Other Types ****
Info: Internal Builder is used for build
g++ -O0 -g3 -Wall -c -fmessage-length=0 -o "src\\Other Types.o" "..\\src\\Other Types.cpp" 
..\src\Other Types.cpp: In function 'int main()':
..\src\Other Types.cpp:20:17: error: invalid conversion from 'const char*' to 'char' [-fpermissive]
  char cValue1 = "7";
                 ^
11:06:36 **** Incremental Build of configuration Debug for project Other Types ****
Info: Internal Builder is used for build
g++ -O0 -g3 -Wall -c -fmessage-length=0 -o "src\\Other Types.o" "..\\src\\Other Types.cpp" 
g++ -o "Other Types.exe" "src\\Other Types.o" 
11:06:46 **** Incremental Build of configuration Debug for project Other Types ****
Info: Internal Builder is used for build
g++ -O0 -g3 -Wall -c -fmessage-length=0 -o "src\\Other Types.o" "..\\src\\Other Types.cpp" 
g++ -o "Other Types.exe" "src\\Other Types.o" 
13:35:00 **** Incremental Build of configuration Debug for project Other Types ****
Info: Internal Builder is used for build
g++ -O0 -g3 -Wall -c -fmessage-length=0 -o "src\\Other Types.o" "..\\src\\Other Types.cpp" 
g++ -o "Other Types.exe" "src\\Other Types.o" 
13:35:54 **** Incremental Build of configuration Debug for project Other Types ****
Info: Internal Builder is used for build
g++ -O0 -g3 -Wall -c -fmessage-length=0 -o "src\\Other Types.o" "..\\src\\Other Types.cpp" 
..\src\Other Types.cpp: In function 'int main()':
..\src\Other Types.cpp:28:8: error: 'wvalue' was not declared in this scope
  cout<<wvalue<<endl;
        ^
..\src\Other Types.cpp:27:10: warning: unused variable 'wValue' [-Wunused-variable]
  wchar_t wValue = 'i';
          ^
13:36:02 **** Incremental Build of configuration Debug for project Other Types ****
Info: Internal Builder is used for build
g++ -O0 -g3 -Wall -c -fmessage-length=0 -o "src\\Other Types.o" "..\\src\\Other Types.cpp" 
g++ -o "Other Types.exe" "src\\Other Types.o" 
13:36:32 **** Incremental Build of configuration Debug for project Other Types ****
Info: Internal Builder is used for build
g++ -O0 -g3 -Wall -c -fmessage-length=0 -o "src\\Other Types.o" "..\\src\\Other Types.cpp" 
g++ -o "Other Types.exe" "src\\Other Types.o" 
13:42:04 **** Rebuild of configuration Debug for project If Statement ****
Info: Internal Builder is used for build
g++ -O0 -g3 -Wall -c -fmessage-length=0 -o "src\\If Statement.o" "..\\src\\If Statement.cpp" 
g++ -o "If Statement.exe" "src\\If Statement.o" 
13:42:07 **** Incremental Build of configuration Debug for project If Statement ****
Info: Internal Builder is used for build
g++ -O0 -g3 -Wall -c -fmessage-length=0 -o "src\\If Statement.o" "..\\src\\If Statement.cpp" 
g++ -o "If Statement.exe" "src\\If Statement.o" 
Info: Nothing to build for If Statement
13:47:53 **** Incremental Build of configuration Debug for project If Statement ****
Info: Internal Builder is used for build
g++ -O0 -g3 -Wall -c -fmessage-length=0 -o "src\\If Statement.o" "..\\src\\If Statement.cpp" 
g++ -o "If Statement.exe" "src\\If Statement.o" 
13:48:03 **** Incremental Build of configuration Debug for project If Statement ****
Info: Internal Builder is used for build
g++ -O0 -g3 -Wall -c -fmessage-length=0 -o "src\\If Statement.o" "..\\src\\If Statement.cpp" 
g++ -o "If Statement.exe" "src\\If Statement.o" 
Info: Nothing to build for If Statement
14:09:09 **** Rebuild of configuration Debug for project If-Else ****
Info: Internal Builder is used for build
g++ -O0 -g3 -Wall -c -fmessage-length=0 -o "src\\If-Else.o" "..\\src\\If-Else.cpp" 
g++ -o If-Else.exe "src\\If-Else.o" 
14:09:13 **** Incremental Build of configuration Debug for project If-Else ****
Info: Internal Builder is used for build
g++ -O0 -g3 -Wall -c -fmessage-length=0 -o "src\\If-Else.o" "..\\src\\If-Else.cpp" 
g++ -o If-Else.exe "src\\If-Else.o" 
14:10:18 **** Incremental Build of configuration Debug for project If-Else ****
Info: Internal Builder is used for build
g++ -O0 -g3 -Wall -c -fmessage-length=0 -o "src\\If-Else.o" "..\\src\\If-Else.cpp" 
g++ -o If-Else.exe "src\\If-Else.o" 
14:11:37 **** Incremental Build of configuration Debug for project If-Else ****
Info: Internal Builder is used for build
g++ -O0 -g3 -Wall -c -fmessage-length=0 -o "src\\If-Else.o" "..\\src\\If-Else.cpp" 
g++ -o If-Else.exe "src\\If-Else.o" 
14:13:45 **** Incremental Build of configuration Debug for project If-Else ****
Info: Internal Builder is used for build
g++ -O0 -g3 -Wall -c -fmessage-length=0 -o "src\\If-Else.o" "..\\src\\If-Else.cpp" 
g++ -o If-Else.exe "src\\If-Else.o" 
14:14:29 **** Incremental Build of configuration Debug for project If-Else ****
Info: Internal Builder is used for build
g++ -O0 -g3 -Wall -c -fmessage-length=0 -o "src\\If-Else.o" "..\\src\\If-Else.cpp" 
g++ -o If-Else.exe "src\\If-Else.o" 
14:17:01 **** Incremental Build of configuration Debug for project If-Else ****
Info: Internal Builder is used for build
g++ -O0 -g3 -Wall -c -fmessage-length=0 -o "src\\If-Else.o" "..\\src\\If-Else.cpp" 
..\src\If-Else.cpp: In function 'int main()':
..\src\If-Else.cpp:34:20: error: invalid operands of types 'const char [14]' and '<unresolved overloaded function type>' to binary 'operator<<'
   "Not Quitting."<<endl;
                    ^
14:17:10 **** Incremental Build of configuration Debug for project If-Else ****
Info: Internal Builder is used for build
g++ -O0 -g3 -Wall -c -fmessage-length=0 -o "src\\If-Else.o" "..\\src\\If-Else.cpp" 
g++ -o If-Else.exe "src\\If-Else.o" 
c:/mingw/bin/../lib/gcc/mingw32/4.9.3/../../../../mingw32/bin/ld.exe: cannot open output file If-Else.exe: Permission denied
collect2.exe: error: ld returned 1 exit status
14:17:24 **** Incremental Build of configuration Debug for project If-Else ****
Info: Internal Builder is used for build
g++ -o If-Else.exe "src\\If-Else.o" 
c:/mingw/bin/../lib/gcc/mingw32/4.9.3/../../../../mingw32/bin/ld.exe: cannot open output file If-Else.exe: Permission denied
collect2.exe: error: ld returned 1 exit status
14:17:27 **** Incremental Build of configuration Debug for project If-Else ****
Info: Internal Builder is used for build
g++ -o If-Else.exe "src\\If-Else.o" 
c:/mingw/bin/../lib/gcc/mingw32/4.9.3/../../../../mingw32/bin/ld.exe: cannot open output file If-Else.exe: Permission denied
collect2.exe: error: ld returned 1 exit status
14:17:45 **** Incremental Build of configuration Debug for project If-Else ****
Info: Internal Builder is used for build
g++ -o If-Else.exe "src\\If-Else.o" 
c:/mingw/bin/../lib/gcc/mingw32/4.9.3/../../../../mingw32/bin/ld.exe: cannot open output file If-Else.exe: Permission denied
collect2.exe: error: ld returned 1 exit status
14:18:29 **** Incremental Build of configuration Debug for project If-Else ****
Info: Internal Builder is used for build
g++ -o If-Else.exe "src\\If-Else.o" 
Info: Nothing to build for If-Else
14:22:01 **** Incremental Build of configuration Debug for project If-Else ****
Info: Internal Builder is used for build
g++ -O0 -g3 -Wall -c -fmessage-length=0 -o "src\\If-Else.o" "..\\src\\If-Else.cpp" 
g++ -o If-Else.exe "src\\If-Else.o" 
14:22:10 **** Incremental Build of configuration Debug for project If-Else ****
Info: Internal Builder is used for build
g++ -O0 -g3 -Wall -c -fmessage-length=0 -o "src\\If-Else.o" "..\\src\\If-Else.cpp" 
g++ -o If-Else.exe "src\\If-Else.o" 
14:22:43 **** Incremental Build of configuration Debug for project If-Else ****
Info: Internal Builder is used for build
g++ -O0 -g3 -Wall -c -fmessage-length=0 -o "src\\If-Else.o" "..\\src\\If-Else.cpp" 
g++ -o If-Else.exe "src\\If-Else.o" 
14:23:12 **** Incremental Build of configuration Debug for project If-Else ****
Info: Internal Builder is used for build
g++ -O0 -g3 -Wall -c -fmessage-length=0 -o "src\\If-Else.o" "..\\src\\If-Else.cpp" 
g++ -o If-Else.exe "src\\If-Else.o" 
16:04:49 **** Rebuild of configuration Debug for project Compairing Flows ****
Info: Internal Builder is used for build
g++ -O0 -g3 -Wall -c -fmessage-length=0 -o "src\\Compairing Flows.o" "..\\src\\Compairing Flows.cpp" 
g++ -o "Compairing Flows.exe" "src\\Compairing Flows.o" 
16:04:52 **** Incremental Build of configuration Debug for project Compairing Flows ****
Info: Internal Builder is used for build
g++ -O0 -g3 -Wall -c -fmessage-length=0 -o "src\\Compairing Flows.o" "..\\src\\Compairing Flows.cpp" 
..\src\Compairing Flows.cpp: In function 'int main()':
..\src\Compairing Flows.cpp:17:5: error: 'value' was not declared in this scope
  if(value ==1.1){
     ^
16:05:02 **** Incremental Build of configuration Debug for project Compairing Flows ****
Info: Internal Builder is used for build
g++ -O0 -g3 -Wall -c -fmessage-length=0 -o "src\\Compairing Flows.o" "..\\src\\Compairing Flows.cpp" 
g++ -o "Compairing Flows.exe" "src\\Compairing Flows.o" 
16:07:08 **** Incremental Build of configuration Debug for project Compairing Flows ****
Info: Internal Builder is used for build
g++ -O0 -g3 -Wall -c -fmessage-length=0 -o "src\\Compairing Flows.o" "..\\src\\Compairing Flows.cpp" 
g++ -o "Compairing Flows.exe" "src\\Compairing Flows.o" 
16:22:30 **** Rebuild of configuration Debug for project Complex Conditions ****
Info: Internal Builder is used for build
g++ -O0 -g3 -Wall -c -fmessage-length=0 -o "src\\Complex Conditions.o" "..\\src\\Complex Conditions.cpp" 
g++ -o "Complex Conditions.exe" "src\\Complex Conditions.o" 
16:22:34 **** Incremental Build of configuration Debug for project Complex Conditions ****
Info: Internal Builder is used for build
g++ -O0 -g3 -Wall -c -fmessage-length=0 -o "src\\Complex Conditions.o" "..\\src\\Complex Conditions.cpp" 
..\src\Complex Conditions.cpp: In function 'int main()':
..\src\Complex Conditions.cpp:24:7: warning: unused variable 'value2' [-Wunused-variable]
   int value2 = 4;
       ^
g++ -o "Complex Conditions.exe" "src\\Complex Conditions.o" 
16:23:58 **** Incremental Build of configuration Debug for project Complex Conditions ****
Info: Internal Builder is used for build
g++ -O0 -g3 -Wall -c -fmessage-length=0 -o "src\\Complex Conditions.o" "..\\src\\Complex Conditions.cpp" 
g++ -o "Complex Conditions.exe" "src\\Complex Conditions.o" 
16:24:31 **** Incremental Build of configuration Debug for project Complex Conditions ****
Info: Internal Builder is used for build
g++ -O0 -g3 -Wall -c -fmessage-length=0 -o "src\\Complex Conditions.o" "..\\src\\Complex Conditions.cpp" 
g++ -o "Complex Conditions.exe" "src\\Complex Conditions.o" 
16:25:08 **** Incremental Build of configuration Debug for project Complex Conditions ****
Info: Internal Builder is used for build
g++ -O0 -g3 -Wall -c -fmessage-length=0 -o "src\\Complex Conditions.o" "..\\src\\Complex Conditions.cpp" 
g++ -o "Complex Conditions.exe" "src\\Complex Conditions.o" 
16:27:57 **** Incremental Build of configuration Debug for project Complex Conditions ****
Info: Internal Builder is used for build
g++ -O0 -g3 -Wall -c -fmessage-length=0 -o "src\\Complex Conditions.o" "..\\src\\Complex Conditions.cpp" 
g++ -o "Complex Conditions.exe" "src\\Complex Conditions.o" 
Info: Nothing to build for Complex Conditions
Info: Nothing to build for Complex Conditions
16:31:13 **** Incremental Build of configuration Debug for project Complex Conditions ****
Info: Internal Builder is used for build
g++ -O0 -g3 -Wall -c -fmessage-length=0 -o "src\\Complex Conditions.o" "..\\src\\Complex Conditions.cpp" 
..\src\Complex Conditions.cpp: In function 'int main()':
..\src\Complex Conditions.cpp:50:17: warning: suggest parentheses around '&&' within '||' [-Wparentheses]
  if (value2 !=8 && value1 == 10 ||value1<10) {
                 ^
g++ -o "Complex Conditions.exe" "src\\Complex Conditions.o" 
16:31:43 **** Incremental Build of configuration Debug for project Complex Conditions ****
Info: Internal Builder is used for build
g++ -O0 -g3 -Wall -c -fmessage-length=0 -o "src\\Complex Conditions.o" "..\\src\\Complex Conditions.cpp" 
..\src\Complex Conditions.cpp: In function 'int main()':
..\src\Complex Conditions.cpp:50:17: warning: suggest parentheses around '&&' within '||' [-Wparentheses]
  if (value2 !=8 && value1 == 10 ||value1<6) {
                 ^
g++ -o "Complex Conditions.exe" "src\\Complex Conditions.o" 
16:33:33 **** Incremental Build of configuration Debug for project Complex Conditions ****
Info: Internal Builder is used for build
g++ -O0 -g3 -Wall -c -fmessage-length=0 -o "src\\Complex Conditions.o" "..\\src\\Complex Conditions.cpp" 
..\src\Complex Conditions.cpp: In function 'int main()':
..\src\Complex Conditions.cpp:50:17: warning: suggest parentheses around '&&' within '||' [-Wparentheses]
  if (value2 !=8 && value1 == 10 ||value1<10) {
                 ^
..\src\Complex Conditions.cpp:59:2: error: expected ';' before 'return'
  return 0;
  ^
16:33:39 **** Incremental Build of configuration Debug for project Complex Conditions ****
Info: Internal Builder is used for build
g++ -O0 -g3 -Wall -c -fmessage-length=0 -o "src\\Complex Conditions.o" "..\\src\\Complex Conditions.cpp" 
..\src\Complex Conditions.cpp: In function 'int main()':
..\src\Complex Conditions.cpp:50:17: warning: suggest parentheses around '&&' within '||' [-Wparentheses]
  if (value2 !=8 && value1 == 10 ||value1<10) {
                 ^
g++ -o "Complex Conditions.exe" "src\\Complex Conditions.o" 
16:33:50 **** Incremental Build of configuration Debug for project Complex Conditions ****
Info: Internal Builder is used for build
g++ -O0 -g3 -Wall -c -fmessage-length=0 -o "src\\Complex Conditions.o" "..\\src\\Complex Conditions.cpp" 
..\src\Complex Conditions.cpp: In function 'int main()':
..\src\Complex Conditions.cpp:50:17: warning: suggest parentheses around '&&' within '||' [-Wparentheses]
  if (value2 !=8 && value1 == 10 ||value1<10) {
                 ^
g++ -o "Complex Conditions.exe" "src\\Complex Conditions.o" 
16:34:49 **** Incremental Build of configuration Debug for project Complex Conditions ****
Info: Internal Builder is used for build
g++ -O0 -g3 -Wall -c -fmessage-length=0 -o "src\\Complex Conditions.o" "..\\src\\Complex Conditions.cpp" 
..\src\Complex Conditions.cpp: In function 'int main()':
..\src\Complex Conditions.cpp:50:17: warning: suggest parentheses around '&&' within '||' [-Wparentheses]
  if (value2 !=8 && value1 == 10 ||value1<10) {
                 ^
..\src\Complex Conditions.cpp:60:8: error: 'condition2' was not declared in this scope
  cout<<condition2<<endl;
        ^
..\src\Complex Conditions.cpp:59:7: warning: unused variable 'conidition2' [-Wunused-variable]
  bool conidition2 = (value1<value2);
       ^
16:35:00 **** Incremental Build of configuration Debug for project Complex Conditions ****
Info: Internal Builder is used for build
g++ -O0 -g3 -Wall -c -fmessage-length=0 -o "src\\Complex Conditions.o" "..\\src\\Complex Conditions.cpp" 
..\src\Complex Conditions.cpp: In function 'int main()':
..\src\Complex Conditions.cpp:50:17: warning: suggest parentheses around '&&' within '||' [-Wparentheses]
  if (value2 !=8 && value1 == 10 ||value1<10) {
                 ^
g++ -o "Complex Conditions.exe" "src\\Complex Conditions.o" 
16:35:10 **** Incremental Build of configuration Debug for project Complex Conditions ****
Info: Internal Builder is used for build
g++ -O0 -g3 -Wall -c -fmessage-length=0 -o "src\\Complex Conditions.o" "..\\src\\Complex Conditions.cpp" 
..\src\Complex Conditions.cpp: In function 'int main()':
..\src\Complex Conditions.cpp:50:17: warning: suggest parentheses around '&&' within '||' [-Wparentheses]
  if (value2 !=8 && value1 == 10 ||value1<10) {
                 ^
g++ -o "Complex Conditions.exe" "src\\Complex Conditions.o" 
16:35:52 **** Incremental Build of configuration Debug for project Complex Conditions ****
Info: Internal Builder is used for build
g++ -O0 -g3 -Wall -c -fmessage-length=0 -o "src\\Complex Conditions.o" "..\\src\\Complex Conditions.cpp" 
..\src\Complex Conditions.cpp: In function 'int main()':
..\src\Complex Conditions.cpp:50:18: warning: suggest parentheses around '&&' within '||' [-Wparentheses]
  if (value2 != 8 && value1 == 10 || value1 < 10) {
                  ^
g++ -o "Complex Conditions.exe" "src\\Complex Conditions.o" 
16:38:06 **** Rebuild of configuration Debug for project While ****
Info: Internal Builder is used for build
g++ -O0 -g3 -Wall -c -fmessage-length=0 -o "src\\While.o" "..\\src\\While.cpp" 
g++ -o While.exe "src\\While.o" 
16:38:08 **** Incremental Build of configuration Debug for project While ****
Info: Internal Builder is used for build
g++ -O0 -g3 -Wall -c -fmessage-length=0 -o "src\\While.o" "..\\src\\While.cpp" 
g++ -o While.exe "src\\While.o" 
16:39:51 **** Incremental Build of configuration Debug for project While ****
Info: Internal Builder is used for build
g++ -O0 -g3 -Wall -c -fmessage-length=0 -o "src\\While.o" "..\\src\\While.cpp" 
g++ -o While.exe "src\\While.o" 
16:40:03 **** Incremental Build of configuration Debug for project While ****
Info: Internal Builder is used for build
g++ -O0 -g3 -Wall -c -fmessage-length=0 -o "src\\While.o" "..\\src\\While.cpp" 
g++ -o While.exe "src\\While.o" 
16:40:56 **** Incremental Build of configuration Debug for project While ****
Info: Internal Builder is used for build
g++ -O0 -g3 -Wall -c -fmessage-length=0 -o "src\\While.o" "..\\src\\While.cpp" 
g++ -o While.exe "src\\While.o" 
16:42:22 **** Incremental Build of configuration Debug for project While ****
Info: Internal Builder is used for build
g++ -O0 -g3 -Wall -c -fmessage-length=0 -o "src\\While.o" "..\\src\\While.cpp" 
g++ -o While.exe "src\\While.o" 
16:42:37 **** Incremental Build of configuration Debug for project While ****
Info: Internal Builder is used for build
g++ -O0 -g3 -Wall -c -fmessage-length=0 -o "src\\While.o" "..\\src\\While.cpp" 
g++ -o While.exe "src\\While.o" 
16:46:46 **** Rebuild of configuration Debug for project Do While ****
Info: Internal Builder is used for build
g++ -O0 -g3 -Wall -c -fmessage-length=0 -o "src\\Do While.o" "..\\src\\Do While.cpp" 
g++ -o "Do While.exe" "src\\Do While.o" 
16:46:49 **** Incremental Build of configuration Debug for project Do While ****
Info: Internal Builder is used for build
g++ -O0 -g3 -Wall -c -fmessage-length=0 -o "src\\Do While.o" "..\\src\\Do While.cpp" 
g++ -o "Do While.exe" "src\\Do While.o" 
16:46:55 **** Incremental Build of configuration Debug for project Do While ****
Info: Internal Builder is used for build
g++ -O0 -g3 -Wall -c -fmessage-length=0 -o "src\\Do While.o" "..\\src\\Do While.cpp" 
g++ -o "Do While.exe" "src\\Do While.o" 
16:47:09 **** Incremental Build of configuration Debug for project Do While ****
Info: Internal Builder is used for build
g++ -O0 -g3 -Wall -c -fmessage-length=0 -o "src\\Do While.o" "..\\src\\Do While.cpp" 
..\src\Do While.cpp: In function 'int main()':
..\src\Do While.cpp:19:2: error: expected ';' before '}' token
  }while(value <10);
  ^
16:47:13 **** Incremental Build of configuration Debug for project Do While ****
Info: Internal Builder is used for build
g++ -O0 -g3 -Wall -c -fmessage-length=0 -o "src\\Do While.o" "..\\src\\Do While.cpp" 
g++ -o "Do While.exe" "src\\Do While.o" 
16:49:20 **** Incremental Build of configuration Debug for project Do While ****
Info: Internal Builder is used for build
g++ -O0 -g3 -Wall -c -fmessage-length=0 -o "src\\Do While.o" "..\\src\\Do While.cpp" 
..\src\Do While.cpp: In function 'int main()':
..\src\Do While.cpp:25:2: error: expected ';' before 'return'
  return 0;
  ^
16:49:29 **** Incremental Build of configuration Debug for project Do While ****
Info: Internal Builder is used for build
g++ -O0 -g3 -Wall -c -fmessage-length=0 -o "src\\Do While.o" "..\\src\\Do While.cpp" 
g++ -o "Do While.exe" "src\\Do While.o" 
16:53:39 **** Incremental Build of configuration Debug for project Do While ****
Info: Internal Builder is used for build
g++ -O0 -g3 -Wall -c -fmessage-length=0 -o "src\\Do While.o" "..\\src\\Do While.cpp" 
g++ -o "Do While.exe" "src\\Do While.o" 
16:54:31 **** Incremental Build of configuration Debug for project Do While ****
Info: Internal Builder is used for build
g++ -O0 -g3 -Wall -c -fmessage-length=0 -o "src\\Do While.o" "..\\src\\Do While.cpp" 
g++ -o "Do While.exe" "src\\Do While.o" 
c:/mingw/bin/../lib/gcc/mingw32/4.9.3/../../../../mingw32/bin/ld.exe: cannot open output file Do While.exe: Permission denied
collect2.exe: error: ld returned 1 exit status
16:54:41 **** Incremental Build of configuration Debug for project Do While ****
Info: Internal Builder is used for build
g++ -o "Do While.exe" "src\\Do While.o" 
c:/mingw/bin/../lib/gcc/mingw32/4.9.3/../../../../mingw32/bin/ld.exe: cannot open output file Do While.exe: Permission denied
collect2.exe: error: ld returned 1 exit status
16:54:46 **** Incremental Build of configuration Debug for project Do While ****
Info: Internal Builder is used for build
g++ -o "Do While.exe" "src\\Do While.o" 
c:/mingw/bin/../lib/gcc/mingw32/4.9.3/../../../../mingw32/bin/ld.exe: cannot open output file Do While.exe: Permission denied
collect2.exe: error: ld returned 1 exit status
16:54:47 **** Incremental Build of configuration Debug for project Do While ****
Info: Internal Builder is used for build
g++ -o "Do While.exe" "src\\Do While.o" 
c:/mingw/bin/../lib/gcc/mingw32/4.9.3/../../../../mingw32/bin/ld.exe: cannot open output file Do While.exe: Permission denied
collect2.exe: error: ld returned 1 exit status
16:55:54 **** Incremental Build of configuration Debug for project Do While ****
Info: Internal Builder is used for build
g++ -o "Do While.exe" "src\\Do While.o" 
Info: Nothing to build for Do While
16:57:06 **** Incremental Build of configuration Debug for project Do While ****
Info: Internal Builder is used for build
g++ -O0 -g3 -Wall -c -fmessage-length=0 -o "src\\Do While.o" "..\\src\\Do While.cpp" 
g++ -o "Do While.exe" "src\\Do While.o" 
c:/mingw/bin/../lib/gcc/mingw32/4.9.3/../../../../mingw32/bin/ld.exe: cannot open output file Do While.exe: Permission denied
collect2.exe: error: ld returned 1 exit status
16:57:25 **** Incremental Build of configuration Debug for project Do While ****
Info: Internal Builder is used for build
g++ -o "Do While.exe" "src\\Do While.o" 
c:/mingw/bin/../lib/gcc/mingw32/4.9.3/../../../../mingw32/bin/ld.exe: cannot open output file Do While.exe: Permission denied
collect2.exe: error: ld returned 1 exit status
16:57:35 **** Incremental Build of configuration Debug for project Do While ****
Info: Internal Builder is used for build
g++ -o "Do While.exe" "src\\Do While.o" 
c:/mingw/bin/../lib/gcc/mingw32/4.9.3/../../../../mingw32/bin/ld.exe: cannot open output file Do While.exe: Permission denied
collect2.exe: error: ld returned 1 exit status
16:59:01 **** Incremental Build of configuration Debug for project Do While ****
Info: Internal Builder is used for build
g++ -O0 -g3 -Wall -c -fmessage-length=0 -o "src\\Do While.o" "..\\src\\Do While.cpp" 
..\src\Do While.cpp: In function 'int main()':
..\src\Do While.cpp:28:8: warning: statement has no effect [-Wunused-value]
   input;
        ^
g++ -o "Do While.exe" "src\\Do While.o" 
c:/mingw/bin/../lib/gcc/mingw32/4.9.3/../../../../mingw32/bin/ld.exe: cannot open output file Do While.exe: Permission denied
collect2.exe: error: ld returned 1 exit status
Info: Nothing to build for Compairing Flows
Info: Nothing to build for Complex Conditions
17:01:09 **** Incremental Build of configuration Debug for project Do While ****
Info: Internal Builder is used for build
g++ -o "Do While.exe" "src\\Do While.o" 
c:/mingw/bin/../lib/gcc/mingw32/4.9.3/../../../../mingw32/bin/ld.exe: cannot open output file Do While.exe: Permission denied
collect2.exe: error: ld returned 1 exit status
17:01:09 **** Rebuild of configuration Debug for project Float comparison function ****
Info: Internal Builder is used for build
g++ -O0 -g3 -Wall -c -fmessage-length=0 -o "src\\Float comparison function.o" "..\\src\\Float comparison function.cpp" 
..\src\Float comparison function.cpp: In function 'int main()':
..\src\Float comparison function.cpp:14:5: error: expected primary-expression before ')' token
  if()
     ^
Info: Nothing to build for Floating Point Types
Info: Nothing to build for If Statement
Info: Nothing to build for If-Else
Info: Nothing to build for Input
Info: Nothing to build for Integer Types
Info: Nothing to build for Other Types
Info: Nothing to build for Outputting Text
Info: Nothing to build for Strings
Info: Nothing to build for Variables
17:01:10 **** Incremental Build of configuration Debug for project While ****
Info: Internal Builder is used for build
g++ -O0 -g3 -Wall -c -fmessage-length=0 -o "src\\While.o" "..\\src\\While.cpp" 
g++ -o While.exe "src\\While.o" 
Info: Nothing to build for test
17:01:14 **** Incremental Build of configuration Debug for project Do While ****
Info: Internal Builder is used for build
g++ -O0 -g3 -Wall -c -fmessage-length=0 -o "src\\Do While.o" "..\\src\\Do While.cpp" 
..\src\Do While.cpp: In function 'int main()':
..\src\Do While.cpp:23:8: warning: statement has no effect [-Wunused-value]
   input;
        ^
g++ -o "Do While.exe" "src\\Do While.o" 
c:/mingw/bin/../lib/gcc/mingw32/4.9.3/../../../../mingw32/bin/ld.exe: cannot open output file Do While.exe: Permission denied
collect2.exe: error: ld returned 1 exit status
17:01:28 **** Incremental Build of configuration Debug for project Do While ****
Info: Internal Builder is used for build
g++ -o "Do While.exe" "src\\Do While.o" 
c:/mingw/bin/../lib/gcc/mingw32/4.9.3/../../../../mingw32/bin/ld.exe: cannot open output file Do While.exe: Permission denied
collect2.exe: error: ld returned 1 exit status
17:01:52 **** Incremental Build of configuration Debug for project Do While ****
Info: Internal Builder is used for build
g++ -O0 -g3 -Wall -c -fmessage-length=0 -o "src\\Do While.o" "..\\src\\Do While.cpp" 
g++ -o "Do While.exe" "src\\Do While.o" 
c:/mingw/bin/../lib/gcc/mingw32/4.9.3/../../../../mingw32/bin/ld.exe: cannot open output file Do While.exe: Permission denied
collect2.exe: error: ld returned 1 exit status
17:02:47 **** Incremental Build of configuration Debug for project Do While ****
Info: Internal Builder is used for build
g++ -o "Do While.exe" "src\\Do While.o" 
Info: Nothing to build for Do While
17:06:52 **** Incremental Build of configuration Debug for project Do While ****
Info: Internal Builder is used for build
g++ -O0 -g3 -Wall -c -fmessage-length=0 -o "src\\Do While.o" "..\\src\\Do While.cpp" 
..\src\Do While.cpp: In function 'int main()':
..\src\Do While.cpp:16:2: error: 'Do' was not declared in this scope
  Do {
  ^
..\src\Do While.cpp:24:11: error: 'input' was not declared in this scope
  } while (input != password)
           ^
..\src\Do While.cpp: At global scope:
..\src\Do While.cpp:30:2: error: expected unqualified-id before 'return'
  return 0;
  ^
..\src\Do While.cpp:31:1: error: expected declaration before '}' token
 }
 ^
17:09:31 **** Incremental Build of configuration Debug for project Do While ****
Info: Internal Builder is used for build
g++ -O0 -g3 -Wall -c -fmessage-length=0 -o "src\\Do While.o" "..\\src\\Do While.cpp" 
..\src\Do While.cpp: In function 'int main()':
..\src\Do While.cpp:23:12: error: 'input' was not declared in this scope
   } while (input != password);
            ^
..\src\Do While.cpp: At global scope:
..\src\Do While.cpp:29:2: error: expected unqualified-id before 'return'
  return 0;
  ^
..\src\Do While.cpp:30:1: error: expected declaration before '}' token
 }
 ^
17:11:54 **** Incremental Build of configuration Debug for project Do While ****
Info: Internal Builder is used for build
g++ -O0 -g3 -Wall -c -fmessage-length=0 -o "src\\Do While.o" "..\\src\\Do While.cpp" 
..\src\Do While.cpp: In function 'int main()':
..\src\Do While.cpp:23:12: error: 'input' was not declared in this scope
   } while (input != password);
            ^
..\src\Do While.cpp: At global scope:
..\src\Do While.cpp:29:2: error: expected unqualified-id before 'return'
  return 0;
  ^
..\src\Do While.cpp:30:1: error: expected declaration before '}' token
 }
 ^
17:14:14 **** Incremental Build of configuration Debug for project Do While ****
Info: Internal Builder is used for build
g++ -O0 -g3 -Wall -c -fmessage-length=0 -o "src\\Do While.o" "..\\src\\Do While.cpp" 
..\src\Do While.cpp: In function 'int main()':
..\src\Do While.cpp:23:12: error: 'input' was not declared in this scope
   } while (input != password);
            ^
..\src\Do While.cpp: At global scope:
..\src\Do While.cpp:29:2: error: expected unqualified-id before 'return'
  return 0;
  ^
..\src\Do While.cpp:30:1: error: expected declaration before '}' token
 }
 ^
17:19:15 **** Incremental Build of configuration Debug for project Do While ****
Info: Internal Builder is used for build
g++ -O0 -g3 -Wall -c -fmessage-length=0 -o "src\\Do While.o" "..\\src\\Do While.cpp" 
..\src\Do While.cpp: In function 'int main()':
..\src\Do While.cpp:23:12: error: 'input' was not declared in this scope
   } while (input != password);
            ^
..\src\Do While.cpp: At global scope:
..\src\Do While.cpp:29:2: error: expected unqualified-id before 'return'
  return 0;
  ^
..\src\Do While.cpp:30:1: error: expected declaration before '}' token
 }
 ^
17:19:21 **** Incremental Build of configuration Debug for project Do While ****
Info: Internal Builder is used for build
g++ -O0 -g3 -Wall -c -fmessage-length=0 -o "src\\Do While.o" "..\\src\\Do While.cpp" 
..\src\Do While.cpp: In function 'int main()':
..\src\Do While.cpp:21:3: error: expected ';' before 'if'
   if (input != password) {
   ^
17:20:01 **** Incremental Build of configuration Debug for project Do While ****
Info: Internal Builder is used for build
g++ -O0 -g3 -Wall -c -fmessage-length=0 -o "src\\Do While.o" "..\\src\\Do While.cpp" 
..\src\Do While.cpp: In function 'int main()':
..\src\Do While.cpp:21:3: error: expected ';' before 'if'
   if (input != password) {
   ^
17:21:01 **** Incremental Build of configuration Debug for project Do While ****
Info: Internal Builder is used for build
g++ -O0 -g3 -Wall -c -fmessage-length=0 -o "src\\Do While.o" "..\\src\\Do While.cpp" 
g++ -o "Do While.exe" "src\\Do While.o" 
c:/mingw/bin/../lib/gcc/mingw32/4.9.3/../../../../mingw32/bin/ld.exe: cannot open output file Do While.exe: Permission denied
collect2.exe: error: ld returned 1 exit status
17:21:15 **** Incremental Build of configuration Debug for project Do While ****
Info: Internal Builder is used for build
g++ -o "Do While.exe" "src\\Do While.o" 
c:/mingw/bin/../lib/gcc/mingw32/4.9.3/../../../../mingw32/bin/ld.exe: cannot open output file Do While.exe: Permission denied
collect2.exe: error: ld returned 1 exit status
17:24:06 **** Incremental Build of configuration Debug for project Do While ****
Info: Internal Builder is used for build
g++ -O0 -g3 -Wall -c -fmessage-length=0 -o "src\\Do While.o" "..\\src\\Do While.cpp" 
g++ -o "Do While.exe" "src\\Do While.o" 
c:/mingw/bin/../lib/gcc/mingw32/4.9.3/../../../../mingw32/bin/ld.exe: cannot open output file Do While.exe: Permission denied
collect2.exe: error: ld returned 1 exit status
17:26:55 **** Incremental Build of configuration Debug for project Do While ****
Info: Internal Builder is used for build
g++ -o "Do While.exe" "src\\Do While.o" 
Info: Nothing to build for Do While
Info: Nothing to build for Do While
Info: Nothing to build for Do While
Info: Nothing to build for Do While
Info: Nothing to build for Do While
Info: Nothing to build for Do While
Info: Nothing to build for Do While
Info: Nothing to build for Do While
07:01:03 **** Rebuild of configuration Debug for project For loop ****
Info: Internal Builder is used for build
g++ -O0 -g3 -Wall -c -fmessage-length=0 -o "src\\For loop.o" "..\\src\\For loop.cpp" 
g++ -o "For loop.exe" "src\\For loop.o" 
07:01:20 **** Incremental Build of configuration Debug for project For loop ****
Info: Internal Builder is used for build
g++ -O0 -g3 -Wall -c -fmessage-length=0 -o "src\\For loop.o" "..\\src\\For loop.cpp" 
g++ -o "For loop.exe" "src\\For loop.o" 
07:02:05 **** Incremental Build of configuration Debug for project For loop ****
Info: Internal Builder is used for build
g++ -O0 -g3 -Wall -c -fmessage-length=0 -o "src\\For loop.o" "..\\src\\For loop.cpp" 
..\src\For loop.cpp: In function 'int main()':
..\src\For loop.cpp:14:20: error: expected primary-expression before '<<' token
   cout<<"hello"<<i,<<endl;
                    ^
07:02:15 **** Incremental Build of configuration Debug for project For loop ****
Info: Internal Builder is used for build
g++ -O0 -g3 -Wall -c -fmessage-length=0 -o "src\\For loop.o" "..\\src\\For loop.cpp" 
g++ -o "For loop.exe" "src\\For loop.o" 
07:02:21 **** Incremental Build of configuration Debug for project For loop ****
Info: Internal Builder is used for build
g++ -O0 -g3 -Wall -c -fmessage-length=0 -o "src\\For loop.o" "..\\src\\For loop.cpp" 
g++ -o "For loop.exe" "src\\For loop.o" 
Info: Nothing to build for For loop
07:03:56 **** Incremental Build of configuration Debug for project For loop ****
Info: Internal Builder is used for build
g++ -O0 -g3 -Wall -c -fmessage-length=0 -o "src\\For loop.o" "..\\src\\For loop.cpp" 
..\src\For loop.cpp: In function 'int main()':
..\src\For loop.cpp:18:2: error: name lookup of 'i' changed for ISO 'for' scoping [-fpermissive]
  i=5;
  ^
..\src\For loop.cpp:18:2: note: (if you use '-fpermissive' G++ will accept your code)
07:04:23 **** Incremental Build of configuration Debug for project For loop ****
Info: Internal Builder is used for build
g++ -O0 -g3 -Wall -c -fmessage-length=0 -o "src\\For loop.o" "..\\src\\For loop.cpp" 
..\src\For loop.cpp: In function 'int main()':
..\src\For loop.cpp:18:6: warning: unused variable 'i' [-Wunused-variable]
  int i=5;
      ^
g++ -o "For loop.exe" "src\\For loop.o" 
07:04:58 **** Incremental Build of configuration Debug for project For loop ****
Info: Internal Builder is used for build
g++ -O0 -g3 -Wall -c -fmessage-length=0 -o "src\\For loop.o" "..\\src\\For loop.cpp" 
..\src\For loop.cpp: In function 'int main()':
..\src\For loop.cpp:20:2: error: expected ';' before 'return'
  return 0;
  ^
07:05:17 **** Incremental Build of configuration Debug for project For loop ****
Info: Internal Builder is used for build
g++ -O0 -g3 -Wall -c -fmessage-length=0 -o "src\\For loop.o" "..\\src\\For loop.cpp" 
..\src\For loop.cpp: In function 'int main()':
..\src\For loop.cpp:18:6: warning: variable 'i' set but not used [-Wunused-but-set-variable]
  int i;
      ^
g++ -o "For loop.exe" "src\\For loop.o" 
Info: Nothing to build for For loop
Info: Nothing to build for For loop
07:06:28 **** Incremental Build of configuration Debug for project For loop ****
Info: Internal Builder is used for build
g++ -O0 -g3 -Wall -c -fmessage-length=0 -o "src\\For loop.o" "..\\src\\For loop.cpp" 
..\src\For loop.cpp: In function 'int main()':
..\src\For loop.cpp:18:6: warning: unused variable 'i' [-Wunused-variable]
  int i=5;
      ^
g++ -o "For loop.exe" "src\\For loop.o" 
07:06:41 **** Incremental Build of configuration Debug for project For loop ****
Info: Internal Builder is used for build
g++ -O0 -g3 -Wall -c -fmessage-length=0 -o "src\\For loop.o" "..\\src\\For loop.cpp" 
g++ -o "For loop.exe" "src\\For loop.o" 
07:07:39 **** Rebuild of configuration Debug for project break-continue ****
Info: Internal Builder is used for build
g++ -O0 -g3 -Wall -c -fmessage-length=0 -o "src\\break-continue.o" "..\\src\\break-continue.cpp" 
g++ -o break-continue.exe "src\\break-continue.o" 
07:07:43 **** Incremental Build of configuration Debug for project break-continue ****
Info: Internal Builder is used for build
g++ -O0 -g3 -Wall -c -fmessage-length=0 -o "src\\break-continue.o" "..\\src\\break-continue.cpp" 
g++ -o break-continue.exe "src\\break-continue.o" 
07:08:46 **** Incremental Build of configuration Debug for project break-continue ****
Info: Internal Builder is used for build
g++ -O0 -g3 -Wall -c -fmessage-length=0 -o "src\\break-continue.o" "..\\src\\break-continue.cpp" 
g++ -o break-continue.exe "src\\break-continue.o" 
07:09:28 **** Incremental Build of configuration Debug for project break-continue ****
Info: Internal Builder is used for build
g++ -O0 -g3 -Wall -c -fmessage-length=0 -o "src\\break-continue.o" "..\\src\\break-continue.cpp" 
g++ -o break-continue.exe "src\\break-continue.o" 
07:12:25 **** Incremental Build of configuration Debug for project break-continue ****
Info: Internal Builder is used for build
g++ -O0 -g3 -Wall -c -fmessage-length=0 -o "src\\break-continue.o" "..\\src\\break-continue.cpp" 
g++ -o break-continue.exe "src\\break-continue.o" 
07:14:57 **** Incremental Build of configuration Debug for project break-continue ****
Info: Internal Builder is used for build
g++ -O0 -g3 -Wall -c -fmessage-length=0 -o "src\\break-continue.o" "..\\src\\break-continue.cpp" 
g++ -o break-continue.exe "src\\break-continue.o" 
07:15:55 **** Incremental Build of configuration Debug for project break-continue ****
Info: Internal Builder is used for build
g++ -O0 -g3 -Wall -c -fmessage-length=0 -o "src\\break-continue.o" "..\\src\\break-continue.cpp" 
g++ -o break-continue.exe "src\\break-continue.o" 
07:21:50 **** Rebuild of configuration Debug for project Arrays ****
Info: Internal Builder is used for build
g++ -O0 -g3 -Wall -c -fmessage-length=0 -o "src\\Arrays.o" "..\\src\\Arrays.cpp" 
g++ -o Arrays.exe "src\\Arrays.o" 
07:21:53 **** Incremental Build of configuration Debug for project Arrays ****
Info: Internal Builder is used for build
g++ -O0 -g3 -Wall -c -fmessage-length=0 -o "src\\Arrays.o" "..\\src\\Arrays.cpp" 
..\src\Arrays.cpp: In function 'int main()':
..\src\Arrays.cpp:16:2: error: 'value' was not declared in this scope
  value[0] = 88; //sets 1st element to 88 in the array.  0 indexes first element
  ^
07:22:08 **** Incremental Build of configuration Debug for project Arrays ****
Info: Internal Builder is used for build
g++ -O0 -g3 -Wall -c -fmessage-length=0 -o "src\\Arrays.o" "..\\src\\Arrays.cpp" 
g++ -o Arrays.exe "src\\Arrays.o" 
08:01:14 **** Incremental Build of configuration Debug for project Arrays ****
Info: Internal Builder is used for build
g++ -O0 -g3 -Wall -c -fmessage-length=0 -o "src\\Arrays.o" "..\\src\\Arrays.cpp" 
..\src\Arrays.cpp: In function 'int main()':
..\src\Arrays.cpp:26:8: error: 'numbers' was not declared in this scope
  cout<<numbers[0]<<endl;
        ^
..\src\Arrays.cpp:24:9: warning: unused variable 'numbbers' [-Wunused-variable]
  double numbbers[4] = {4.5,2.3,7.2,8.1};
         ^
08:01:24 **** Incremental Build of configuration Debug for project Arrays ****
Info: Internal Builder is used for build
g++ -O0 -g3 -Wall -c -fmessage-length=0 -o "src\\Arrays.o" "..\\src\\Arrays.cpp" 
g++ -o Arrays.exe "src\\Arrays.o" 
08:01:47 **** Incremental Build of configuration Debug for project Arrays ****
Info: Internal Builder is used for build
g++ -O0 -g3 -Wall -c -fmessage-length=0 -o "src\\Arrays.o" "..\\src\\Arrays.cpp" 
g++ -o Arrays.exe "src\\Arrays.o" 
08:02:14 **** Incremental Build of configuration Debug for project Arrays ****
Info: Internal Builder is used for build
g++ -O0 -g3 -Wall -c -fmessage-length=0 -o "src\\Arrays.o" "..\\src\\Arrays.cpp" 
g++ -o Arrays.exe "src\\Arrays.o" 
08:03:07 **** Incremental Build of configuration Debug for project Arrays ****
Info: Internal Builder is used for build
g++ -O0 -g3 -Wall -c -fmessage-length=0 -o "src\\Arrays.o" "..\\src\\Arrays.cpp" 
g++ -o Arrays.exe "src\\Arrays.o" 
08:04:05 **** Incremental Build of configuration Debug for project Arrays ****
Info: Internal Builder is used for build
g++ -O0 -g3 -Wall -c -fmessage-length=0 -o "src\\Arrays.o" "..\\src\\Arrays.cpp" 
g++ -o Arrays.exe "src\\Arrays.o" 
08:05:03 **** Incremental Build of configuration Debug for project Arrays ****
Info: Internal Builder is used for build
g++ -O0 -g3 -Wall -c -fmessage-length=0 -o "src\\Arrays.o" "..\\src\\Arrays.cpp" 
g++ -o Arrays.exe "src\\Arrays.o" 
08:07:42 **** Incremental Build of configuration Debug for project Arrays ****
Info: Internal Builder is used for build
g++ -O0 -g3 -Wall -c -fmessage-length=0 -o "src\\Arrays.o" "..\\src\\Arrays.cpp" 
..\src\Arrays.cpp: In function 'int main()':
..\src\Arrays.cpp:51:1: error: expected '}' at end of input
 }
 ^
08:07:56 **** Incremental Build of configuration Debug for project Arrays ****
Info: Internal Builder is used for build
g++ -O0 -g3 -Wall -c -fmessage-length=0 -o "src\\Arrays.o" "..\\src\\Arrays.cpp" 
..\src\Arrays.cpp: In function 'int main()':
..\src\Arrays.cpp:51:1: error: expected '}' at end of input
 }
 ^
08:08:10 **** Incremental Build of configuration Debug for project Arrays ****
Info: Internal Builder is used for build
g++ -O0 -g3 -Wall -c -fmessage-length=0 -o "src\\Arrays.o" "..\\src\\Arrays.cpp" 
g++ -o Arrays.exe "src\\Arrays.o" 
08:10:50 **** Incremental Build of configuration Debug for project Arrays ****
Info: Internal Builder is used for build
g++ -O0 -g3 -Wall -c -fmessage-length=0 -o "src\\Arrays.o" "..\\src\\Arrays.cpp" 
..\src\Arrays.cpp: In function 'int main()':
..\src\Arrays.cpp:52:2: error: expected ',' or ';' before 'return'
  return 0;
  ^
08:11:10 **** Incremental Build of configuration Debug for project Arrays ****
Info: Internal Builder is used for build
g++ -O0 -g3 -Wall -c -fmessage-length=0 -o "src\\Arrays.o" "..\\src\\Arrays.cpp" 
g++ -o Arrays.exe "src\\Arrays.o" 
08:12:07 **** Incremental Build of configuration Debug for project Arrays ****
Info: Internal Builder is used for build
g++ -O0 -g3 -Wall -c -fmessage-length=0 -o "src\\Arrays.o" "..\\src\\Arrays.cpp" 
..\src\Arrays.cpp: In function 'int main()':
..\src\Arrays.cpp:50:2: error: expected '}' at end of input
  }
  ^
08:12:23 **** Incremental Build of configuration Debug for project Arrays ****
Info: Internal Builder is used for build
g++ -O0 -g3 -Wall -c -fmessage-length=0 -o "src\\Arrays.o" "..\\src\\Arrays.cpp" 
g++ -o Arrays.exe "src\\Arrays.o" 
08:12:46 **** Incremental Build of configuration Debug for project Arrays ****
Info: Internal Builder is used for build
g++ -O0 -g3 -Wall -c -fmessage-length=0 -o "src\\Arrays.o" "..\\src\\Arrays.cpp" 
g++ -o Arrays.exe "src\\Arrays.o" 
08:13:15 **** Incremental Build of configuration Debug for project Arrays ****
Info: Internal Builder is used for build
g++ -O0 -g3 -Wall -c -fmessage-length=0 -o "src\\Arrays.o" "..\\src\\Arrays.cpp" 
g++ -o Arrays.exe "src\\Arrays.o" 
08:14:09 **** Incremental Build of configuration Debug for project Arrays ****
Info: Internal Builder is used for build
g++ -O0 -g3 -Wall -c -fmessage-length=0 -o "src\\Arrays.o" "..\\src\\Arrays.cpp" 
g++ -o Arrays.exe "src\\Arrays.o" 
08:30:29 **** Rebuild of configuration Debug for project Excercise Arrays ****
Info: Internal Builder is used for build
g++ -O0 -g3 -Wall -c -fmessage-length=0 -o "src\\Excercise Arrays.o" "..\\src\\Excercise Arrays.cpp" 
g++ -o "Excercise Arrays.exe" "src\\Excercise Arrays.o" 
08:30:33 **** Incremental Build of configuration Debug for project Excercise Arrays ****
Info: Internal Builder is used for build
g++ -O0 -g3 -Wall -c -fmessage-length=0 -o "src\\Excercise Arrays.o" "..\\src\\Excercise Arrays.cpp" 
..\src\Excercise Arrays.cpp: In function 'int main()':
..\src\Excercise Arrays.cpp:16:6: error: 'i' was not declared in this scope
  for(i=0;i<12;i++){
      ^
08:31:00 **** Incremental Build of configuration Debug for project Excercise Arrays ****
Info: Internal Builder is used for build
g++ -O0 -g3 -Wall -c -fmessage-length=0 -o "src\\Excercise Arrays.o" "..\\src\\Excercise Arrays.cpp" 
..\src\Excercise Arrays.cpp: In function 'int main()':
..\src\Excercise Arrays.cpp:18:22: error: invalid type argument of unary '*' (have 'int')
   int array1[i]= 12**i;
                      ^
..\src\Excercise Arrays.cpp:14:6: warning: unused variable 'array1' [-Wunused-variable]
  int array1[12];
      ^
08:31:31 **** Incremental Build of configuration Debug for project Excercise Arrays ****
Info: Internal Builder is used for build
g++ -O0 -g3 -Wall -c -fmessage-length=0 -o "src\\Excercise Arrays.o" "..\\src\\Excercise Arrays.cpp" 
..\src\Excercise Arrays.cpp: In function 'int main()':
..\src\Excercise Arrays.cpp:18:18: error: invalid type argument of unary '*' (have 'int')
   array1[i]= 12**i;
                  ^
08:31:55 **** Incremental Build of configuration Debug for project Excercise Arrays ****
Info: Internal Builder is used for build
g++ -O0 -g3 -Wall -c -fmessage-length=0 -o "src\\Excercise Arrays.o" "..\\src\\Excercise Arrays.cpp" 
g++ -o "Excercise Arrays.exe" "src\\Excercise Arrays.o" 
08:32:14 **** Incremental Build of configuration Debug for project Excercise Arrays ****
Info: Internal Builder is used for build
g++ -O0 -g3 -Wall -c -fmessage-length=0 -o "src\\Excercise Arrays.o" "..\\src\\Excercise Arrays.cpp" 
g++ -o "Excercise Arrays.exe" "src\\Excercise Arrays.o" 
08:32:56 **** Incremental Build of configuration Debug for project Excercise Arrays ****
Info: Internal Builder is used for build
g++ -O0 -g3 -Wall -c -fmessage-length=0 -o "src\\Excercise Arrays.o" "..\\src\\Excercise Arrays.cpp" 
g++ -o "Excercise Arrays.exe" "src\\Excercise Arrays.o" 
08:33:57 **** Incremental Build of configuration Debug for project Excercise Arrays ****
Info: Internal Builder is used for build
g++ -O0 -g3 -Wall -c -fmessage-length=0 -o "src\\Excercise Arrays.o" "..\\src\\Excercise Arrays.cpp" 
..\src\Excercise Arrays.cpp:10:16: fatal error: math: No such file or directory
 #include <math>
                ^
compilation terminated.
08:34:41 **** Incremental Build of configuration Debug for project Excercise Arrays ****
Info: Internal Builder is used for build
g++ -O0 -g3 -Wall -c -fmessage-length=0 -o "src\\Excercise Arrays.o" "..\\src\\Excercise Arrays.cpp" 
g++ -o "Excercise Arrays.exe" "src\\Excercise Arrays.o" 
08:35:22 **** Incremental Build of configuration Debug for project Excercise Arrays ****
Info: Internal Builder is used for build
g++ -O0 -g3 -Wall -c -fmessage-length=0 -o "src\\Excercise Arrays.o" "..\\src\\Excercise Arrays.cpp" 
g++ -o "Excercise Arrays.exe" "src\\Excercise Arrays.o" 
13:48:37 **** Rebuild of configuration Debug for project Multidimensional Arrays ****
Info: Internal Builder is used for build
g++ -O0 -g3 -Wall -c -fmessage-length=0 -o "src\\Multidimensional Arrays.o" "..\\src\\Multidimensional Arrays.cpp" 
g++ -o "Multidimensional Arrays.exe" "src\\Multidimensional Arrays.o" 
13:51:19 **** Incremental Build of configuration Debug for project Multidimensional Arrays ****
Info: Internal Builder is used for build
g++ -O0 -g3 -Wall -c -fmessage-length=0 -o "src\\Multidimensional Arrays.o" "..\\src\\Multidimensional Arrays.cpp" 
..\src\Multidimensional Arrays.cpp: In function 'int main()':
..\src\Multidimensional Arrays.cpp:19:17: warning: left operand of comma operator has no effect [-Wunused-value]
  for(int i =0; i<2,i++){
                 ^
..\src\Multidimensional Arrays.cpp:19:23: error: expected ';' before ')' token
  for(int i =0; i<2,i++){
                       ^
..\src\Multidimensional Arrays.cpp:21:20: warning: left operand of comma operator has no effect [-Wunused-value]
    cout<<animals[i,j]<< i <<" , ">>j>>endl;
                    ^
..\src\Multidimensional Arrays.cpp:21:34: error: no match for 'operator>>' (operand types are 'std::basic_ostream<char>' and 'int')
    cout<<animals[i,j]<< i <<" , ">>j>>endl;
                                  ^
..\src\Multidimensional Arrays.cpp:21:34: note: candidates are:
In file included from c:\mingw\lib\gcc\mingw32\4.9.3\include\c++\string:53:0,
                 from c:\mingw\lib\gcc\mingw32\4.9.3\include\c++\bits\locale_classes.h:40,
                 from c:\mingw\lib\gcc\mingw32\4.9.3\include\c++\bits\ios_base.h:41,
                 from c:\mingw\lib\gcc\mingw32\4.9.3\include\c++\ios:42,
                 from c:\mingw\lib\gcc\mingw32\4.9.3\include\c++\ostream:38,
                 from c:\mingw\lib\gcc\mingw32\4.9.3\include\c++\iostream:39,
                 from ..\src\Multidimensional Arrays.cpp:9:
c:\mingw\lib\gcc\mingw32\4.9.3\include\c++\bits\basic_string.tcc:996:5: note: template<class _CharT, class _Traits, class _Alloc> std::basic_istream<_CharT, _Traits>& std::operator>>(std::basic_istream<_CharT, _Traits>&, std::basic_string<_CharT, _Traits, _Alloc>&)
     operator>>(basic_istream<_CharT, _Traits>& __in,
     ^
c:\mingw\lib\gcc\mingw32\4.9.3\include\c++\bits\basic_string.tcc:996:5: note:   template argument deduction/substitution failed:
..\src\Multidimensional Arrays.cpp:21:36: note:   'std::basic_ostream<char>' is not derived from 'std::basic_istream<_CharT, _Traits>'
    cout<<animals[i,j]<< i <<" , ">>j>>endl;
                                    ^
In file included from c:\mingw\lib\gcc\mingw32\4.9.3\include\c++\istream:882:0,
                 from c:\mingw\lib\gcc\mingw32\4.9.3\include\c++\iostream:40,
                 from ..\src\Multidimensional Arrays.cpp:9:
c:\mingw\lib\gcc\mingw32\4.9.3\include\c++\bits\istream.tcc:955:5: note: template<class _CharT2, class _Traits2> std::basic_istream<_CharT, _Traits>& std::operator>>(std::basic_istream<_CharT, _Traits>&, _CharT2*)
     operator>>(basic_istream<_CharT, _Traits>& __in, _CharT* __s)
     ^
c:\mingw\lib\gcc\mingw32\4.9.3\include\c++\bits\istream.tcc:955:5: note:   template argument deduction/substitution failed:
..\src\Multidimensional Arrays.cpp:21:36: note:   'std::basic_ostream<char>' is not derived from 'std::basic_istream<_CharT, _Traits>'
    cout<<animals[i,j]<< i <<" , ">>j>>endl;
                                    ^
In file included from c:\mingw\lib\gcc\mingw32\4.9.3\include\c++\istream:882:0,
                 from c:\mingw\lib\gcc\mingw32\4.9.3\include\c++\iostream:40,
                 from ..\src\Multidimensional Arrays.cpp:9:
c:\mingw\lib\gcc\mingw32\4.9.3\include\c++\bits\istream.tcc:923:5: note: template<class _CharT, class _Traits> std::basic_istream<_CharT, _Traits>& std::operator>>(std::basic_istream<_CharT, _Traits>&, _CharT&)
     operator>>(basic_istream<_CharT, _Traits>& __in, _CharT& __c)
     ^
c:\mingw\lib\gcc\mingw32\4.9.3\include\c++\bits\istream.tcc:923:5: note:   template argument deduction/substitution failed:
..\src\Multidimensional Arrays.cpp:21:36: note:   'std::basic_ostream<char>' is not derived from 'std::basic_istream<_CharT, _Traits>'
    cout<<animals[i,j]<< i <<" , ">>j>>endl;
                                    ^
In file included from c:\mingw\lib\gcc\mingw32\4.9.3\include\c++\iostream:40:0,
                 from ..\src\Multidimensional Arrays.cpp:9:
c:\mingw\lib\gcc\mingw32\4.9.3\include\c++\istream:727:5: note: template<class _Traits> std::basic_istream<char, _Traits>& std::operator>>(std::basic_istream<char, _Traits>&, unsigned char&)
     operator>>(basic_istream<char, _Traits>& __in, unsigned char& __c)
     ^
c:\mingw\lib\gcc\mingw32\4.9.3\include\c++\istream:727:5: note:   template argument deduction/substitution failed:
..\src\Multidimensional Arrays.cpp:21:36: note:   'std::basic_ostream<char>' is not derived from 'std::basic_istream<char, _Traits>'
    cout<<animals[i,j]<< i <<" , ">>j>>endl;
                                    ^
In file included from c:\mingw\lib\gcc\mingw32\4.9.3\include\c++\iostream:40:0,
                 from ..\src\Multidimensional Arrays.cpp:9:
c:\mingw\lib\gcc\mingw32\4.9.3\include\c++\istream:732:5: note: template<class _Traits> std::basic_istream<char, _Traits>& std::operator>>(std::basic_istream<char, _Traits>&, signed char&)
     operator>>(basic_istream<char, _Traits>& __in, signed char& __c)
     ^
c:\mingw\lib\gcc\mingw32\4.9.3\include\c++\istream:732:5: note:   template argument deduction/substitution failed:
..\src\Multidimensional Arrays.cpp:21:36: note:   'std::basic_ostream<char>' is not derived from 'std::basic_istream<char, _Traits>'
    cout<<animals[i,j]<< i <<" , ">>j>>endl;
                                    ^
In file included from c:\mingw\lib\gcc\mingw32\4.9.3\include\c++\iostream:40:0,
                 from ..\src\Multidimensional Arrays.cpp:9:
c:\mingw\lib\gcc\mingw32\4.9.3\include\c++\istream:774:5: note: template<class _Traits> std::basic_istream<char, _Traits>& std::operator>>(std::basic_istream<char, _Traits>&, unsigned char*)
     operator>>(basic_istream<char, _Traits>& __in, unsigned char* __s)
     ^
c:\mingw\lib\gcc\mingw32\4.9.3\include\c++\istream:774:5: note:   template argument deduction/substitution failed:
..\src\Multidimensional Arrays.cpp:21:36: note:   'std::basic_ostream<char>' is not derived from 'std::basic_istream<char, _Traits>'
    cout<<animals[i,j]<< i <<" , ">>j>>endl;
                                    ^
In file included from c:\mingw\lib\gcc\mingw32\4.9.3\include\c++\iostream:40:0,
                 from ..\src\Multidimensional Arrays.cpp:9:
c:\mingw\lib\gcc\mingw32\4.9.3\include\c++\istream:779:5: note: template<class _Traits> std::basic_istream<char, _Traits>& std::operator>>(std::basic_istream<char, _Traits>&, signed char*)
     operator>>(basic_istream<char, _Traits>& __in, signed char* __s)
     ^
c:\mingw\lib\gcc\mingw32\4.9.3\include\c++\istream:779:5: note:   template argument deduction/substitution failed:
..\src\Multidimensional Arrays.cpp:21:36: note:   'std::basic_ostream<char>' is not derived from 'std::basic_istream<char, _Traits>'
    cout<<animals[i,j]<< i <<" , ">>j>>endl;
                                    ^
13:52:44 **** Incremental Build of configuration Debug for project Multidimensional Arrays ****
Info: Internal Builder is used for build
g++ -O0 -g3 -Wall -c -fmessage-length=0 -o "src\\Multidimensional Arrays.o" "..\\src\\Multidimensional Arrays.cpp" 
..\src\Multidimensional Arrays.cpp: In function 'int main()':
..\src\Multidimensional Arrays.cpp:19:17: warning: left operand of comma operator has no effect [-Wunused-value]
  for(int i =0; i<2,i++){
                 ^
..\src\Multidimensional Arrays.cpp:19:23: error: expected ';' before ')' token
  for(int i =0; i<2,i++){
                       ^
..\src\Multidimensional Arrays.cpp:21:20: warning: left operand of comma operator has no effect [-Wunused-value]
    cout<<animals[i,j]<< i <<" , ">>j>>endl;
                    ^
..\src\Multidimensional Arrays.cpp:21:34: error: no match for 'operator>>' (operand types are 'std::basic_ostream<char>' and 'int')
    cout<<animals[i,j]<< i <<" , ">>j>>endl;
                                  ^
..\src\Multidimensional Arrays.cpp:21:34: note: candidates are:
In file included from c:\mingw\lib\gcc\mingw32\4.9.3\include\c++\string:53:0,
                 from c:\mingw\lib\gcc\mingw32\4.9.3\include\c++\bits\locale_classes.h:40,
                 from c:\mingw\lib\gcc\mingw32\4.9.3\include\c++\bits\ios_base.h:41,
                 from c:\mingw\lib\gcc\mingw32\4.9.3\include\c++\ios:42,
                 from c:\mingw\lib\gcc\mingw32\4.9.3\include\c++\ostream:38,
                 from c:\mingw\lib\gcc\mingw32\4.9.3\include\c++\iostream:39,
                 from ..\src\Multidimensional Arrays.cpp:9:
c:\mingw\lib\gcc\mingw32\4.9.3\include\c++\bits\basic_string.tcc:996:5: note: template<class _CharT, class _Traits, class _Alloc> std::basic_istream<_CharT, _Traits>& std::operator>>(std::basic_istream<_CharT, _Traits>&, std::basic_string<_CharT, _Traits, _Alloc>&)
     operator>>(basic_istream<_CharT, _Traits>& __in,
     ^
c:\mingw\lib\gcc\mingw32\4.9.3\include\c++\bits\basic_string.tcc:996:5: note:   template argument deduction/substitution failed:
..\src\Multidimensional Arrays.cpp:21:36: note:   'std::basic_ostream<char>' is not derived from 'std::basic_istream<_CharT, _Traits>'
    cout<<animals[i,j]<< i <<" , ">>j>>endl;
                                    ^
In file included from c:\mingw\lib\gcc\mingw32\4.9.3\include\c++\istream:882:0,
                 from c:\mingw\lib\gcc\mingw32\4.9.3\include\c++\iostream:40,
                 from ..\src\Multidimensional Arrays.cpp:9:
c:\mingw\lib\gcc\mingw32\4.9.3\include\c++\bits\istream.tcc:955:5: note: template<class _CharT2, class _Traits2> std::basic_istream<_CharT, _Traits>& std::operator>>(std::basic_istream<_CharT, _Traits>&, _CharT2*)
     operator>>(basic_istream<_CharT, _Traits>& __in, _CharT* __s)
     ^
c:\mingw\lib\gcc\mingw32\4.9.3\include\c++\bits\istream.tcc:955:5: note:   template argument deduction/substitution failed:
..\src\Multidimensional Arrays.cpp:21:36: note:   'std::basic_ostream<char>' is not derived from 'std::basic_istream<_CharT, _Traits>'
    cout<<animals[i,j]<< i <<" , ">>j>>endl;
                                    ^
In file included from c:\mingw\lib\gcc\mingw32\4.9.3\include\c++\istream:882:0,
                 from c:\mingw\lib\gcc\mingw32\4.9.3\include\c++\iostream:40,
                 from ..\src\Multidimensional Arrays.cpp:9:
c:\mingw\lib\gcc\mingw32\4.9.3\include\c++\bits\istream.tcc:923:5: note: template<class _CharT, class _Traits> std::basic_istream<_CharT, _Traits>& std::operator>>(std::basic_istream<_CharT, _Traits>&, _CharT&)
     operator>>(basic_istream<_CharT, _Traits>& __in, _CharT& __c)
     ^
c:\mingw\lib\gcc\mingw32\4.9.3\include\c++\bits\istream.tcc:923:5: note:   template argument deduction/substitution failed:
..\src\Multidimensional Arrays.cpp:21:36: note:   'std::basic_ostream<char>' is not derived from 'std::basic_istream<_CharT, _Traits>'
    cout<<animals[i,j]<< i <<" , ">>j>>endl;
                                    ^
In file included from c:\mingw\lib\gcc\mingw32\4.9.3\include\c++\iostream:40:0,
                 from ..\src\Multidimensional Arrays.cpp:9:
c:\mingw\lib\gcc\mingw32\4.9.3\include\c++\istream:727:5: note: template<class _Traits> std::basic_istream<char, _Traits>& std::operator>>(std::basic_istream<char, _Traits>&, unsigned char&)
     operator>>(basic_istream<char, _Traits>& __in, unsigned char& __c)
     ^
c:\mingw\lib\gcc\mingw32\4.9.3\include\c++\istream:727:5: note:   template argument deduction/substitution failed:
..\src\Multidimensional Arrays.cpp:21:36: note:   'std::basic_ostream<char>' is not derived from 'std::basic_istream<char, _Traits>'
    cout<<animals[i,j]<< i <<" , ">>j>>endl;
                                    ^
In file included from c:\mingw\lib\gcc\mingw32\4.9.3\include\c++\iostream:40:0,
                 from ..\src\Multidimensional Arrays.cpp:9:
c:\mingw\lib\gcc\mingw32\4.9.3\include\c++\istream:732:5: note: template<class _Traits> std::basic_istream<char, _Traits>& std::operator>>(std::basic_istream<char, _Traits>&, signed char&)
     operator>>(basic_istream<char, _Traits>& __in, signed char& __c)
     ^
c:\mingw\lib\gcc\mingw32\4.9.3\include\c++\istream:732:5: note:   template argument deduction/substitution failed:
..\src\Multidimensional Arrays.cpp:21:36: note:   'std::basic_ostream<char>' is not derived from 'std::basic_istream<char, _Traits>'
    cout<<animals[i,j]<< i <<" , ">>j>>endl;
                                    ^
In file included from c:\mingw\lib\gcc\mingw32\4.9.3\include\c++\iostream:40:0,
                 from ..\src\Multidimensional Arrays.cpp:9:
c:\mingw\lib\gcc\mingw32\4.9.3\include\c++\istream:774:5: note: template<class _Traits> std::basic_istream<char, _Traits>& std::operator>>(std::basic_istream<char, _Traits>&, unsigned char*)
     operator>>(basic_istream<char, _Traits>& __in, unsigned char* __s)
     ^
c:\mingw\lib\gcc\mingw32\4.9.3\include\c++\istream:774:5: note:   template argument deduction/substitution failed:
..\src\Multidimensional Arrays.cpp:21:36: note:   'std::basic_ostream<char>' is not derived from 'std::basic_istream<char, _Traits>'
    cout<<animals[i,j]<< i <<" , ">>j>>endl;
                                    ^
In file included from c:\mingw\lib\gcc\mingw32\4.9.3\include\c++\iostream:40:0,
                 from ..\src\Multidimensional Arrays.cpp:9:
c:\mingw\lib\gcc\mingw32\4.9.3\include\c++\istream:779:5: note: template<class _Traits> std::basic_istream<char, _Traits>& std::operator>>(std::basic_istream<char, _Traits>&, signed char*)
     operator>>(basic_istream<char, _Traits>& __in, signed char* __s)
     ^
c:\mingw\lib\gcc\mingw32\4.9.3\include\c++\istream:779:5: note:   template argument deduction/substitution failed:
..\src\Multidimensional Arrays.cpp:21:36: note:   'std::basic_ostream<char>' is not derived from 'std::basic_istream<char, _Traits>'
    cout<<animals[i,j]<< i <<" , ">>j>>endl;
                                    ^
13:52:52 **** Incremental Build of configuration Debug for project Multidimensional Arrays ****
Info: Internal Builder is used for build
g++ -O0 -g3 -Wall -c -fmessage-length=0 -o "src\\Multidimensional Arrays.o" "..\\src\\Multidimensional Arrays.cpp" 
..\src\Multidimensional Arrays.cpp: In function 'int main()':
..\src\Multidimensional Arrays.cpp:18:17: warning: left operand of comma operator has no effect [-Wunused-value]
  for(int i =0; i<2,i++) {
                 ^
..\src\Multidimensional Arrays.cpp:18:23: error: expected ';' before ')' token
  for(int i =0; i<2,i++) {
                       ^
..\src\Multidimensional Arrays.cpp:20:22: warning: left operand of comma operator has no effect [-Wunused-value]
    cout << animals[i,j]<< i <<" , "<< j <<endl;
                      ^
13:54:01 **** Incremental Build of configuration Debug for project Multidimensional Arrays ****
Info: Internal Builder is used for build
g++ -O0 -g3 -Wall -c -fmessage-length=0 -o "src\\Multidimensional Arrays.o" "..\\src\\Multidimensional Arrays.cpp" 
..\src\Multidimensional Arrays.cpp: In function 'int main()':
..\src\Multidimensional Arrays.cpp:18:17: warning: left operand of comma operator has no effect [-Wunused-value]
  for(int i =0; i<2,i++) {
                 ^
..\src\Multidimensional Arrays.cpp:18:23: error: expected ';' before ')' token
  for(int i =0; i<2,i++) {
                       ^
..\src\Multidimensional Arrays.cpp:20:22: warning: left operand of comma operator has no effect [-Wunused-value]
    cout << animals[i,j]<< i <<" , "<< j <<endl;
                      ^
13:55:11 **** Incremental Build of configuration Debug for project Multidimensional Arrays ****
Info: Internal Builder is used for build
g++ -O0 -g3 -Wall -c -fmessage-length=0 -o "src\\Multidimensional Arrays.o" "..\\src\\Multidimensional Arrays.cpp" 
g++ -o "Multidimensional Arrays.exe" "src\\Multidimensional Arrays.o" 
13:55:28 **** Incremental Build of configuration Debug for project Multidimensional Arrays ****
Info: Internal Builder is used for build
g++ -O0 -g3 -Wall -c -fmessage-length=0 -o "src\\Multidimensional Arrays.o" "..\\src\\Multidimensional Arrays.cpp" 
g++ -o "Multidimensional Arrays.exe" "src\\Multidimensional Arrays.o" 
13:56:07 **** Incremental Build of configuration Debug for project Multidimensional Arrays ****
Info: Internal Builder is used for build
g++ -O0 -g3 -Wall -c -fmessage-length=0 -o "src\\Multidimensional Arrays.o" "..\\src\\Multidimensional Arrays.cpp" 
g++ -o "Multidimensional Arrays.exe" "src\\Multidimensional Arrays.o" 
13:56:27 **** Incremental Build of configuration Debug for project Multidimensional Arrays ****
Info: Internal Builder is used for build
g++ -O0 -g3 -Wall -c -fmessage-length=0 -o "src\\Multidimensional Arrays.o" "..\\src\\Multidimensional Arrays.cpp" 
g++ -o "Multidimensional Arrays.exe" "src\\Multidimensional Arrays.o" 
07:01:44 **** Rebuild of configuration Debug for project Array exercise Multiplication table ****
Info: Internal Builder is used for build
g++ -O0 -g3 -Wall -c -fmessage-length=0 -o "src\\Array exercise Multiplication table.o" "..\\src\\Array exercise Multiplication table.cpp" 
g++ -o "Array exercise Multiplication table.exe" "src\\Array exercise Multiplication table.o" 
07:01:49 **** Incremental Build of configuration Debug for project Array exercise Multiplication table ****
Info: Internal Builder is used for build
g++ -O0 -g3 -Wall -c -fmessage-length=0 -o "src\\Array exercise Multiplication table.o" "..\\src\\Array exercise Multiplication table.cpp" 
g++ -o "Array exercise Multiplication table.exe" "src\\Array exercise Multiplication table.o" 
07:03:38 **** Incremental Build of configuration Debug for project Array exercise Multiplication table ****
Info: Internal Builder is used for build
g++ -O0 -g3 -Wall -c -fmessage-length=0 -o "src\\Array exercise Multiplication table.o" "..\\src\\Array exercise Multiplication table.cpp" 
g++ -o "Array exercise Multiplication table.exe" "src\\Array exercise Multiplication table.o" 
07:08:37 **** Incremental Build of configuration Debug for project Array exercise Multiplication table ****
Info: Internal Builder is used for build
g++ -O0 -g3 -Wall -c -fmessage-length=0 -o "src\\Array exercise Multiplication table.o" "..\\src\\Array exercise Multiplication table.cpp" 
g++ -o "Array exercise Multiplication table.exe" "src\\Array exercise Multiplication table.o" 
07:08:42 **** Incremental Build of configuration Debug for project Array exercise Multiplication table ****
Info: Internal Builder is used for build
g++ -O0 -g3 -Wall -c -fmessage-length=0 -o "src\\Array exercise Multiplication table.o" "..\\src\\Array exercise Multiplication table.cpp" 
g++ -o "Array exercise Multiplication table.exe" "src\\Array exercise Multiplication table.o" 
07:09:27 **** Incremental Build of configuration Debug for project Array exercise Multiplication table ****
Info: Internal Builder is used for build
g++ -O0 -g3 -Wall -c -fmessage-length=0 -o "src\\Array exercise Multiplication table.o" "..\\src\\Array exercise Multiplication table.cpp" 
g++ -o "Array exercise Multiplication table.exe" "src\\Array exercise Multiplication table.o" 
07:10:09 **** Incremental Build of configuration Debug for project Array exercise Multiplication table ****
Info: Internal Builder is used for build
g++ -O0 -g3 -Wall -c -fmessage-length=0 -o "src\\Array exercise Multiplication table.o" "..\\src\\Array exercise Multiplication table.cpp" 
g++ -o "Array exercise Multiplication table.exe" "src\\Array exercise Multiplication table.o" 
07:10:28 **** Incremental Build of configuration Debug for project Array exercise Multiplication table ****
Info: Internal Builder is used for build
g++ -O0 -g3 -Wall -c -fmessage-length=0 -o "src\\Array exercise Multiplication table.o" "..\\src\\Array exercise Multiplication table.cpp" 
g++ -o "Array exercise Multiplication table.exe" "src\\Array exercise Multiplication table.o" 
07:10:52 **** Incremental Build of configuration Debug for project Array exercise Multiplication table ****
Info: Internal Builder is used for build
g++ -O0 -g3 -Wall -c -fmessage-length=0 -o "src\\Array exercise Multiplication table.o" "..\\src\\Array exercise Multiplication table.cpp" 
g++ -o "Array exercise Multiplication table.exe" "src\\Array exercise Multiplication table.o" 
07:12:31 **** Incremental Build of configuration Debug for project Array exercise Multiplication table ****
Info: Internal Builder is used for build
g++ -O0 -g3 -Wall -c -fmessage-length=0 -o "src\\Array exercise Multiplication table.o" "..\\src\\Array exercise Multiplication table.cpp" 
..\src\Array exercise Multiplication table.cpp: In function 'int main()':
..\src\Array exercise Multiplication table.cpp:20:44: error: expected ';' before 'cout'
                                            cout<<table[i][j]<<" "<<flush;
                                            ^
..\src\Array exercise Multiplication table.cpp:14:19: warning: unused variable 'table' [-Wunused-variable]
               int table[10][10]={0};
                   ^
07:12:41 **** Incremental Build of configuration Debug for project Array exercise Multiplication table ****
Info: Internal Builder is used for build
g++ -O0 -g3 -Wall -c -fmessage-length=0 -o "src\\Array exercise Multiplication table.o" "..\\src\\Array exercise Multiplication table.cpp" 
g++ -o "Array exercise Multiplication table.exe" "src\\Array exercise Multiplication table.o" 
07:12:54 **** Incremental Build of configuration Debug for project Array exercise Multiplication table ****
Info: Internal Builder is used for build
g++ -O0 -g3 -Wall -c -fmessage-length=0 -o "src\\Array exercise Multiplication table.o" "..\\src\\Array exercise Multiplication table.cpp" 
g++ -o "Array exercise Multiplication table.exe" "src\\Array exercise Multiplication table.o" 
07:13:24 **** Incremental Build of configuration Debug for project Array exercise Multiplication table ****
Info: Internal Builder is used for build
g++ -O0 -g3 -Wall -c -fmessage-length=0 -o "src\\Array exercise Multiplication table.o" "..\\src\\Array exercise Multiplication table.cpp" 
..\src\Array exercise Multiplication table.cpp: In function 'int main()':
..\src\Array exercise Multiplication table.cpp:14:19: warning: unused variable 'table' [-Wunused-variable]
               int table[10][10]={0};
                   ^
g++ -o "Array exercise Multiplication table.exe" "src\\Array exercise Multiplication table.o" 
07:16:35 **** Incremental Build of configuration Debug for project Array exercise Multiplication table ****
Info: Internal Builder is used for build
g++ -O0 -g3 -Wall -c -fmessage-length=0 -o "src\\Array exercise Multiplication table.o" "..\\src\\Array exercise Multiplication table.cpp" 
g++ -o "Array exercise Multiplication table.exe" "src\\Array exercise Multiplication table.o" 
07:16:55 **** Incremental Build of configuration Debug for project Array exercise Multiplication table ****
Info: Internal Builder is used for build
g++ -O0 -g3 -Wall -c -fmessage-length=0 -o "src\\Array exercise Multiplication table.o" "..\\src\\Array exercise Multiplication table.cpp" 
g++ -o "Array exercise Multiplication table.exe" "src\\Array exercise Multiplication table.o" 
07:19:07 **** Incremental Build of configuration Debug for project Array exercise Multiplication table ****
Info: Internal Builder is used for build
g++ -O0 -g3 -Wall -c -fmessage-length=0 -o "src\\Array exercise Multiplication table.o" "..\\src\\Array exercise Multiplication table.cpp" 
g++ -o "Array exercise Multiplication table.exe" "src\\Array exercise Multiplication table.o" 
07:19:22 **** Incremental Build of configuration Debug for project Array exercise Multiplication table ****
Info: Internal Builder is used for build
g++ -O0 -g3 -Wall -c -fmessage-length=0 -o "src\\Array exercise Multiplication table.o" "..\\src\\Array exercise Multiplication table.cpp" 
g++ -o "Array exercise Multiplication table.exe" "src\\Array exercise Multiplication table.o" 
07:19:51 **** Incremental Build of configuration Debug for project Array exercise Multiplication table ****
Info: Internal Builder is used for build
g++ -O0 -g3 -Wall -c -fmessage-length=0 -o "src\\Array exercise Multiplication table.o" "..\\src\\Array exercise Multiplication table.cpp" 
g++ -o "Array exercise Multiplication table.exe" "src\\Array exercise Multiplication table.o" 
09:34:00 **** Rebuild of configuration Debug for project Sizeof ****
Info: Internal Builder is used for build
g++ -O0 -g3 -Wall -c -fmessage-length=0 -o "src\\Sizeof.o" "..\\src\\Sizeof.cpp" 
g++ -o Sizeof.exe "src\\Sizeof.o" 
09:34:04 **** Incremental Build of configuration Debug for project Sizeof ****
Info: Internal Builder is used for build
g++ -O0 -g3 -Wall -c -fmessage-length=0 -o "src\\Sizeof.o" "..\\src\\Sizeof.cpp" 
..\src\Sizeof.cpp: In function 'int main()':
..\src\Sizeof.cpp:18:2: error: expected ';' before 'return'
  return 0;
  ^
..\src\Sizeof.cpp:18:10: error: statement cannot resolve address of overloaded function
  return 0;
          ^
09:34:11 **** Incremental Build of configuration Debug for project Sizeof ****
Info: Internal Builder is used for build
g++ -O0 -g3 -Wall -c -fmessage-length=0 -o "src\\Sizeof.o" "..\\src\\Sizeof.cpp" 
..\src\Sizeof.cpp: In function 'int main()':
..\src\Sizeof.cpp:16:21: error: expected ';' before 'endl'
  cout<<sizeof(value)endl;
                     ^
09:34:15 **** Incremental Build of configuration Debug for project Sizeof ****
Info: Internal Builder is used for build
g++ -O0 -g3 -Wall -c -fmessage-length=0 -o "src\\Sizeof.o" "..\\src\\Sizeof.cpp" 
..\src\Sizeof.cpp: In function 'int main()':
..\src\Sizeof.cpp:16:21: error: expected ';' before 'endl'
  cout<<sizeof(value)endl;
                     ^
09:34:17 **** Incremental Build of configuration Debug for project Sizeof ****
Info: Internal Builder is used for build
g++ -O0 -g3 -Wall -c -fmessage-length=0 -o "src\\Sizeof.o" "..\\src\\Sizeof.cpp" 
..\src\Sizeof.cpp: In function 'int main()':
..\src\Sizeof.cpp:16:21: error: expected ';' before 'endl'
  cout<<sizeof(value)endl;
                     ^
09:34:32 **** Incremental Build of configuration Debug for project Sizeof ****
Info: Internal Builder is used for build
g++ -O0 -g3 -Wall -c -fmessage-length=0 -o "src\\Sizeof.o" "..\\src\\Sizeof.cpp" 
..\src\Sizeof.cpp: In function 'int main()':
..\src\Sizeof.cpp:16:21: error: expected ';' before 'endl'
  cout<<sizeof(value)endl;
                     ^
09:34:58 **** Incremental Build of configuration Debug for project Sizeof ****
Info: Internal Builder is used for build
g++ -O0 -g3 -Wall -c -fmessage-length=0 -o "src\\Sizeof.o" "..\\src\\Sizeof.cpp" 
..\src\Sizeof.cpp: In function 'int main()':
..\src\Sizeof.cpp:14:6: warning: unused variable 'value' [-Wunused-variable]
  int value = 34;
      ^
g++ -o Sizeof.exe "src\\Sizeof.o" 
09:43:24 **** Incremental Build of configuration Debug for project Sizeof ****
Info: Internal Builder is used for build
g++ -O0 -g3 -Wall -c -fmessage-length=0 -o "src\\Sizeof.o" "..\\src\\Sizeof.cpp" 
..\src\Sizeof.cpp: In function 'int main()':
..\src\Sizeof.cpp:14:26: error: scalar object 'values' requires one element in initializer
  int values = {4, 7 ,3 ,4};
                          ^
09:43:43 **** Incremental Build of configuration Debug for project Sizeof ****
Info: Internal Builder is used for build
g++ -O0 -g3 -Wall -c -fmessage-length=0 -o "src\\Sizeof.o" "..\\src\\Sizeof.cpp" 
..\src\Sizeof.cpp: In function 'int main()':
..\src\Sizeof.cpp:14:26: error: scalar object 'values' requires one element in initializer
  int values = {4, 7 ,3 ,4};
                          ^
09:43:58 **** Incremental Build of configuration Debug for project Sizeof ****
Info: Internal Builder is used for build
g++ -O0 -g3 -Wall -c -fmessage-length=0 -o "src\\Sizeof.o" "..\\src\\Sizeof.cpp" 
g++ -o Sizeof.exe "src\\Sizeof.o" 
09:44:56 **** Incremental Build of configuration Debug for project Sizeof ****
Info: Internal Builder is used for build
g++ -O0 -g3 -Wall -c -fmessage-length=0 -o "src\\Sizeof.o" "..\\src\\Sizeof.cpp" 
..\src\Sizeof.cpp: In function 'int main()':
..\src\Sizeof.cpp:18:18: error: expected primary-expression before ';' token
  for(int i=0; i <; i++){
                  ^
09:45:04 **** Incremental Build of configuration Debug for project Sizeof ****
Info: Internal Builder is used for build
g++ -O0 -g3 -Wall -c -fmessage-length=0 -o "src\\Sizeof.o" "..\\src\\Sizeof.cpp" 
g++ -o Sizeof.exe "src\\Sizeof.o" 
09:45:20 **** Incremental Build of configuration Debug for project Sizeof ****
Info: Internal Builder is used for build
g++ -O0 -g3 -Wall -c -fmessage-length=0 -o "src\\Sizeof.o" "..\\src\\Sizeof.cpp" 
g++ -o Sizeof.exe "src\\Sizeof.o" 
09:45:48 **** Incremental Build of configuration Debug for project Sizeof ****
Info: Internal Builder is used for build
g++ -O0 -g3 -Wall -c -fmessage-length=0 -o "src\\Sizeof.o" "..\\src\\Sizeof.cpp" 
..\src\Sizeof.cpp: In function 'int main()':
..\src\Sizeof.cpp:19:17: warning: comparison between signed and unsigned integer expressions [-Wsign-compare]
  for(int i=0; i <sizeof(values)/sizeof(int); i++){
                 ^
g++ -o Sizeof.exe "src\\Sizeof.o" 
Info: Nothing to build for Sizeof
09:46:36 **** Incremental Build of configuration Debug for project Sizeof ****
Info: Internal Builder is used for build
g++ -O0 -g3 -Wall -c -fmessage-length=0 -o "src\\Sizeof.o" "..\\src\\Sizeof.cpp" 
g++ -o Sizeof.exe "src\\Sizeof.o" 
09:46:58 **** Incremental Build of configuration Debug for project Sizeof ****
Info: Internal Builder is used for build
g++ -O0 -g3 -Wall -c -fmessage-length=0 -o "src\\Sizeof.o" "..\\src\\Sizeof.cpp" 
g++ -o Sizeof.exe "src\\Sizeof.o" 
09:47:19 **** Incremental Build of configuration Debug for project Sizeof ****
Info: Internal Builder is used for build
g++ -O0 -g3 -Wall -c -fmessage-length=0 -o "src\\Sizeof.o" "..\\src\\Sizeof.cpp" 
g++ -o Sizeof.exe "src\\Sizeof.o" 
09:50:12 **** Rebuild of configuration Debug for project Sizeof Homework ****
Info: Internal Builder is used for build
g++ -O0 -g3 -Wall -c -fmessage-length=0 -o "src\\Sizeof Homework.o" "..\\src\\Sizeof Homework.cpp" 
g++ -o "Sizeof Homework.exe" "src\\Sizeof Homework.o" 
09:50:14 **** Incremental Build of configuration Debug for project Sizeof Homework ****
Info: Internal Builder is used for build
g++ -O0 -g3 -Wall -c -fmessage-length=0 -o "src\\Sizeof Homework.o" "..\\src\\Sizeof Homework.cpp" 
..\src\Sizeof Homework.cpp: In function 'int main()':
..\src\Sizeof Homework.cpp:18:21: warning: comparison between signed and unsigned integer expressions [-Wsign-compare]
   for (int i = 0; i <sizeof(table)/sizeof(int); i++) {
                     ^
..\src\Sizeof Homework.cpp:29:1: error: expected '}' at end of input
 }
 ^
09:50:55 **** Incremental Build of configuration Debug for project Sizeof Homework ****
Info: Internal Builder is used for build
g++ -O0 -g3 -Wall -c -fmessage-length=0 -o "src\\Sizeof Homework.o" "..\\src\\Sizeof Homework.cpp" 
..\src\Sizeof Homework.cpp: In function 'int main()':
..\src\Sizeof Homework.cpp:18:21: warning: comparison between signed and unsigned integer expressions [-Wsign-compare]
   for (int i = 0; i <sizeof(table)/sizeof(int); i++) {
                     ^
..\src\Sizeof Homework.cpp:30:10: error: expected '}' at end of input
  return 0;
          ^
09:51:09 **** Incremental Build of configuration Debug for project Sizeof Homework ****
Info: Internal Builder is used for build
g++ -O0 -g3 -Wall -c -fmessage-length=0 -o "src\\Sizeof Homework.o" "..\\src\\Sizeof Homework.cpp" 
..\src\Sizeof Homework.cpp: In function 'int main()':
..\src\Sizeof Homework.cpp:18:21: warning: comparison between signed and unsigned integer expressions [-Wsign-compare]
   for (int i = 0; i <sizeof(table)/sizeof(int); i++) {
                     ^
..\src\Sizeof Homework.cpp:30:10: error: expected '}' at end of input
  return 0;
          ^
09:52:04 **** Incremental Build of configuration Debug for project Sizeof Homework ****
Info: Internal Builder is used for build
g++ -O0 -g3 -Wall -c -fmessage-length=0 -o "src\\Sizeof Homework.o" "..\\src\\Sizeof Homework.cpp" 
..\src\Sizeof Homework.cpp: In function 'int main()':
..\src\Sizeof Homework.cpp:18:21: warning: comparison between signed and unsigned integer expressions [-Wsign-compare]
   for (int i = 0; i <sizeof(table)/sizeof(int); i++) {
                     ^
..\src\Sizeof Homework.cpp:26:3: error: expected '}' at end of input
   }
   ^
09:52:20 **** Incremental Build of configuration Debug for project Sizeof Homework ****
Info: Internal Builder is used for build
g++ -O0 -g3 -Wall -c -fmessage-length=0 -o "src\\Sizeof Homework.o" "..\\src\\Sizeof Homework.cpp" 
..\src\Sizeof Homework.cpp: In function 'int main()':
..\src\Sizeof Homework.cpp:18:21: warning: comparison between signed and unsigned integer expressions [-Wsign-compare]
   for (int i = 0; i <sizeof(table)/sizeof(int); i++) {
                     ^
g++ -o "Sizeof Homework.exe" "src\\Sizeof Homework.o" 
Info: Nothing to build for Sizeof Homework
09:52:42 **** Incremental Build of configuration Debug for project Sizeof Homework ****
Info: Internal Builder is used for build
g++ -O0 -g3 -Wall -c -fmessage-length=0 -o "src\\Sizeof Homework.o" "..\\src\\Sizeof Homework.cpp" 
..\src\Sizeof Homework.cpp: In function 'int main()':
..\src\Sizeof Homework.cpp:18:21: warning: comparison between signed and unsigned integer expressions [-Wsign-compare]
   for (int i = 0; i <sizeof(table)/sizeof(int); i++) {
                     ^
g++ -o "Sizeof Homework.exe" "src\\Sizeof Homework.o" 
